This file contains any messages produced by compilers while
running configure, to aid debugging if configure makes a mistake.

It was created by cgminer configure 4.9.2, which was
generated by GNU Autoconf 2.69.  Invocation command line was

  $ ./configure --enable-bitmine_D12S --disable-libcurl --host=arm-linux-gnueabihf

## --------- ##
## Platform. ##
## --------- ##

hostname = zju-XPS-8930
uname -m = x86_64
uname -r = 4.13.0-38-generic
uname -s = Linux
uname -v = #43~16.04.1-Ubuntu SMP Wed Mar 14 17:48:43 UTC 2018

/usr/bin/uname -p = unknown
/bin/uname -X     = unknown

/bin/arch              = unknown
/usr/bin/arch -k       = unknown
/usr/convex/getsysinfo = unknown
/usr/bin/hostinfo      = unknown
/bin/machine           = unknown
/usr/bin/oslevel       = unknown
/bin/universe          = unknown

PATH: /home/zju/bin
PATH: /home/zju/.local/bin
PATH: /usr/local/sbin
PATH: /usr/local/bin
PATH: /usr/sbin
PATH: /usr/bin
PATH: /sbin
PATH: /bin
PATH: /usr/games
PATH: /usr/local/games
PATH: /snap/bin
PATH: /home/zju/TI335/04-Linux_source/Toolchain/gcc-linaro-5.3-2016.02-x86_64_arm-linux-gnueabihf/bin


## ----------- ##
## Core tests. ##
## ----------- ##

configure:2896: checking build system type
configure:2910: result: x86_64-unknown-linux-gnu
configure:2930: checking host system type
configure:2943: result: arm-unknown-linux-gnueabihf
configure:2963: checking target system type
configure:2976: result: arm-unknown-linux-gnueabihf
configure:3024: checking for a BSD-compatible install
configure:3092: result: /usr/bin/install -c
configure:3103: checking whether build environment is sane
configure:3158: result: yes
configure:3217: checking for arm-linux-gnueabihf-strip
configure:3233: found /home/zju/TI335/04-Linux_source/Toolchain/gcc-linaro-5.3-2016.02-x86_64_arm-linux-gnueabihf/bin/arm-linux-gnueabihf-strip
configure:3244: result: arm-linux-gnueabihf-strip
configure:3309: checking for a thread-safe mkdir -p
configure:3348: result: /bin/mkdir -p
configure:3356: checking for gawk
configure:3386: result: no
configure:3356: checking for mawk
configure:3372: found /usr/bin/mawk
configure:3383: result: mawk
configure:3394: checking whether make sets $(MAKE)
configure:3416: result: yes
configure:3445: checking whether make supports nested variables
configure:3462: result: yes
configure:3599: checking whether make supports nested variables
configure:3616: result: yes
configure:3639: checking for style of include used by make
configure:3667: result: GNU
configure:3698: checking for arm-linux-gnueabihf-gcc
configure:3714: found /home/zju/TI335/04-Linux_source/Toolchain/gcc-linaro-5.3-2016.02-x86_64_arm-linux-gnueabihf/bin/arm-linux-gnueabihf-gcc
configure:3725: result: arm-linux-gnueabihf-gcc
configure:3994: checking for C compiler version
configure:4003: arm-linux-gnueabihf-gcc --version >&5
arm-linux-gnueabihf-gcc (Linaro GCC 5.3-2016.02) 5.3.1 20160113
Copyright (C) 2015 Free Software Foundation, Inc.
This is free software; see the source for copying conditions.  There is NO
warranty; not even for MERCHANTABILITY or FITNESS FOR A PARTICULAR PURPOSE.

configure:4014: $? = 0
configure:4003: arm-linux-gnueabihf-gcc -v >&5
Using built-in specs.
COLLECT_GCC=arm-linux-gnueabihf-gcc
COLLECT_LTO_WRAPPER=/home/zju/TI335/04-Linux_source/Toolchain/gcc-linaro-5.3-2016.02-x86_64_arm-linux-gnueabihf/bin/../libexec/gcc/arm-linux-gnueabihf/5.3.1/lto-wrapper
Target: arm-linux-gnueabihf
Configured with: /home/tcwg-buildslave/workspace/tcwg-make-release/label/tcwg-x86_64-ex40/target/arm-linux-gnueabihf/snapshots/gcc-linaro-5.3-2016.02/configure SHELL=/bin/bash --with-bugurl=https://bugs.linaro.org --with-mpc=/home/tcwg-buildslave/workspace/tcwg-make-release/label/tcwg-x86_64-ex40/target/arm-linux-gnueabihf/_build/builds/destdir/x86_64-unknown-linux-gnu --with-mpfr=/home/tcwg-buildslave/workspace/tcwg-make-release/label/tcwg-x86_64-ex40/target/arm-linux-gnueabihf/_build/builds/destdir/x86_64-unknown-linux-gnu --with-gmp=/home/tcwg-buildslave/workspace/tcwg-make-release/label/tcwg-x86_64-ex40/target/arm-linux-gnueabihf/_build/builds/destdir/x86_64-unknown-linux-gnu --with-gnu-as --with-gnu-ld --disable-libstdcxx-pch --disable-libmudflap --with-cloog=no --with-ppl=no --with-isl=no --disable-nls --enable-c99 --with-tune=cortex-a9 --with-arch=armv7-a --with-fpu=vfpv3-d16 --with-float=hard --with-mode=thumb --disable-multilib --enable-multiarch --with-build-sysroot=/home/tcwg-buildslave/workspace/tcwg-make-release/label/tcwg-x86_64-ex40/target/arm-linux-gnueabihf/_build/sysroots/arm-linux-gnueabihf --enable-lto --enable-linker-build-id --enable-long-long --enable-shared --with-sysroot=/home/tcwg-buildslave/workspace/tcwg-make-release/label/tcwg-x86_64-ex40/target/arm-linux-gnueabihf/_build/builds/destdir/x86_64-unknown-linux-gnu/arm-linux-gnueabihf/libc --enable-languages=c,c++,fortran,lto --enable-checking=release --disable-bootstrap --with-bugurl=https://bugs.linaro.org --build=x86_64-unknown-linux-gnu --host=x86_64-unknown-linux-gnu --target=arm-linux-gnueabihf --prefix=/home/tcwg-buildslave/workspace/tcwg-make-release/label/tcwg-x86_64-ex40/target/arm-linux-gnueabihf/_build/builds/destdir/x86_64-unknown-linux-gnu
Thread model: posix
gcc version 5.3.1 20160113 (Linaro GCC 5.3-2016.02) 
configure:4014: $? = 0
configure:4003: arm-linux-gnueabihf-gcc -V >&5
arm-linux-gnueabihf-gcc: error: unrecognized command line option '-V'
arm-linux-gnueabihf-gcc: fatal error: no input files
compilation terminated.
configure:4014: $? = 1
configure:4003: arm-linux-gnueabihf-gcc -qversion >&5
arm-linux-gnueabihf-gcc: error: unrecognized command line option '-qversion'
arm-linux-gnueabihf-gcc: fatal error: no input files
compilation terminated.
configure:4014: $? = 1
configure:4034: checking whether the C compiler works
configure:4056: arm-linux-gnueabihf-gcc    conftest.c  >&5
configure:4060: $? = 0
configure:4108: result: yes
configure:4111: checking for C compiler default output file name
configure:4113: result: a.out
configure:4119: checking for suffix of executables
configure:4126: arm-linux-gnueabihf-gcc -o conftest    conftest.c  >&5
configure:4130: $? = 0
configure:4152: result: 
configure:4174: checking whether we are cross compiling
configure:4182: arm-linux-gnueabihf-gcc -o conftest    conftest.c  >&5
configure:4186: $? = 0
configure:4193: ./conftest
./configure: line 4195: ./conftest: cannot execute binary file: Exec format error
configure:4197: $? = 126
configure:4212: result: yes
configure:4217: checking for suffix of object files
configure:4239: arm-linux-gnueabihf-gcc -c   conftest.c >&5
configure:4243: $? = 0
configure:4264: result: o
configure:4268: checking whether we are using the GNU C compiler
configure:4287: arm-linux-gnueabihf-gcc -c   conftest.c >&5
configure:4287: $? = 0
configure:4296: result: yes
configure:4305: checking whether arm-linux-gnueabihf-gcc accepts -g
configure:4325: arm-linux-gnueabihf-gcc -c -g  conftest.c >&5
configure:4325: $? = 0
configure:4366: result: yes
configure:4383: checking for arm-linux-gnueabihf-gcc option to accept ISO C89
configure:4446: arm-linux-gnueabihf-gcc  -c -g -O2  conftest.c >&5
configure:4446: $? = 0
configure:4459: result: none needed
configure:4484: checking whether arm-linux-gnueabihf-gcc understands -c and -o together
configure:4506: arm-linux-gnueabihf-gcc -c conftest.c -o conftest2.o
configure:4509: $? = 0
configure:4506: arm-linux-gnueabihf-gcc -c conftest.c -o conftest2.o
configure:4509: $? = 0
configure:4521: result: yes
configure:4540: checking dependency style of arm-linux-gnueabihf-gcc
configure:4651: result: gcc3
configure:4672: checking how to run the C preprocessor
configure:4703: arm-linux-gnueabihf-gcc -E  conftest.c
configure:4703: $? = 0
configure:4717: arm-linux-gnueabihf-gcc -E  conftest.c
conftest.c:11:28: fatal error: ac_nonexistent.h: No such file or directory
compilation terminated.
configure:4717: $? = 1
configure: failed program was:
| /* confdefs.h */
| #define PACKAGE_NAME "cgminer"
| #define PACKAGE_TARNAME "cgminer"
| #define PACKAGE_VERSION "4.9.2"
| #define PACKAGE_STRING "cgminer 4.9.2"
| #define PACKAGE_BUGREPORT "kernel@kolivas.org"
| #define PACKAGE_URL ""
| #define PACKAGE "cgminer"
| #define VERSION "4.9.2"
| /* end confdefs.h.  */
| #include <ac_nonexistent.h>
configure:4742: result: arm-linux-gnueabihf-gcc -E
configure:4762: arm-linux-gnueabihf-gcc -E  conftest.c
configure:4762: $? = 0
configure:4776: arm-linux-gnueabihf-gcc -E  conftest.c
conftest.c:11:28: fatal error: ac_nonexistent.h: No such file or directory
compilation terminated.
configure:4776: $? = 1
configure: failed program was:
| /* confdefs.h */
| #define PACKAGE_NAME "cgminer"
| #define PACKAGE_TARNAME "cgminer"
| #define PACKAGE_VERSION "4.9.2"
| #define PACKAGE_STRING "cgminer 4.9.2"
| #define PACKAGE_BUGREPORT "kernel@kolivas.org"
| #define PACKAGE_URL ""
| #define PACKAGE "cgminer"
| #define VERSION "4.9.2"
| /* end confdefs.h.  */
| #include <ac_nonexistent.h>
configure:4805: checking for grep that handles long lines and -e
configure:4863: result: /bin/grep
configure:4868: checking for egrep
configure:4930: result: /bin/grep -E
configure:4935: checking for ANSI C header files
configure:4955: arm-linux-gnueabihf-gcc -c -g -O2  conftest.c >&5
configure:4955: $? = 0
configure:5039: result: yes
configure:5052: checking for sys/types.h
configure:5052: arm-linux-gnueabihf-gcc -c -g -O2  conftest.c >&5
configure:5052: $? = 0
configure:5052: result: yes
configure:5052: checking for sys/stat.h
configure:5052: arm-linux-gnueabihf-gcc -c -g -O2  conftest.c >&5
configure:5052: $? = 0
configure:5052: result: yes
configure:5052: checking for stdlib.h
configure:5052: arm-linux-gnueabihf-gcc -c -g -O2  conftest.c >&5
configure:5052: $? = 0
configure:5052: result: yes
configure:5052: checking for string.h
configure:5052: arm-linux-gnueabihf-gcc -c -g -O2  conftest.c >&5
configure:5052: $? = 0
configure:5052: result: yes
configure:5052: checking for memory.h
configure:5052: arm-linux-gnueabihf-gcc -c -g -O2  conftest.c >&5
configure:5052: $? = 0
configure:5052: result: yes
configure:5052: checking for strings.h
configure:5052: arm-linux-gnueabihf-gcc -c -g -O2  conftest.c >&5
configure:5052: $? = 0
configure:5052: result: yes
configure:5052: checking for inttypes.h
configure:5052: arm-linux-gnueabihf-gcc -c -g -O2  conftest.c >&5
configure:5052: $? = 0
configure:5052: result: yes
configure:5052: checking for stdint.h
configure:5052: arm-linux-gnueabihf-gcc -c -g -O2  conftest.c >&5
configure:5052: $? = 0
configure:5052: result: yes
configure:5052: checking for unistd.h
configure:5052: arm-linux-gnueabihf-gcc -c -g -O2  conftest.c >&5
configure:5052: $? = 0
configure:5052: result: yes
configure:5067: checking minix/config.h usability
configure:5067: arm-linux-gnueabihf-gcc -c -g -O2  conftest.c >&5
conftest.c:54:26: fatal error: minix/config.h: No such file or directory
compilation terminated.
configure:5067: $? = 1
configure: failed program was:
| /* confdefs.h */
| #define PACKAGE_NAME "cgminer"
| #define PACKAGE_TARNAME "cgminer"
| #define PACKAGE_VERSION "4.9.2"
| #define PACKAGE_STRING "cgminer 4.9.2"
| #define PACKAGE_BUGREPORT "kernel@kolivas.org"
| #define PACKAGE_URL ""
| #define PACKAGE "cgminer"
| #define VERSION "4.9.2"
| #define STDC_HEADERS 1
| #define HAVE_SYS_TYPES_H 1
| #define HAVE_SYS_STAT_H 1
| #define HAVE_STDLIB_H 1
| #define HAVE_STRING_H 1
| #define HAVE_MEMORY_H 1
| #define HAVE_STRINGS_H 1
| #define HAVE_INTTYPES_H 1
| #define HAVE_STDINT_H 1
| #define HAVE_UNISTD_H 1
| /* end confdefs.h.  */
| #include <stdio.h>
| #ifdef HAVE_SYS_TYPES_H
| # include <sys/types.h>
| #endif
| #ifdef HAVE_SYS_STAT_H
| # include <sys/stat.h>
| #endif
| #ifdef STDC_HEADERS
| # include <stdlib.h>
| # include <stddef.h>
| #else
| # ifdef HAVE_STDLIB_H
| #  include <stdlib.h>
| # endif
| #endif
| #ifdef HAVE_STRING_H
| # if !defined STDC_HEADERS && defined HAVE_MEMORY_H
| #  include <memory.h>
| # endif
| # include <string.h>
| #endif
| #ifdef HAVE_STRINGS_H
| # include <strings.h>
| #endif
| #ifdef HAVE_INTTYPES_H
| # include <inttypes.h>
| #endif
| #ifdef HAVE_STDINT_H
| # include <stdint.h>
| #endif
| #ifdef HAVE_UNISTD_H
| # include <unistd.h>
| #endif
| #include <minix/config.h>
configure:5067: result: no
configure:5067: checking minix/config.h presence
configure:5067: arm-linux-gnueabihf-gcc -E  conftest.c
conftest.c:21:26: fatal error: minix/config.h: No such file or directory
compilation terminated.
configure:5067: $? = 1
configure: failed program was:
| /* confdefs.h */
| #define PACKAGE_NAME "cgminer"
| #define PACKAGE_TARNAME "cgminer"
| #define PACKAGE_VERSION "4.9.2"
| #define PACKAGE_STRING "cgminer 4.9.2"
| #define PACKAGE_BUGREPORT "kernel@kolivas.org"
| #define PACKAGE_URL ""
| #define PACKAGE "cgminer"
| #define VERSION "4.9.2"
| #define STDC_HEADERS 1
| #define HAVE_SYS_TYPES_H 1
| #define HAVE_SYS_STAT_H 1
| #define HAVE_STDLIB_H 1
| #define HAVE_STRING_H 1
| #define HAVE_MEMORY_H 1
| #define HAVE_STRINGS_H 1
| #define HAVE_INTTYPES_H 1
| #define HAVE_STDINT_H 1
| #define HAVE_UNISTD_H 1
| /* end confdefs.h.  */
| #include <minix/config.h>
configure:5067: result: no
configure:5067: checking for minix/config.h
configure:5067: result: no
configure:5096: checking whether it is safe to define __EXTENSIONS__
configure:5114: arm-linux-gnueabihf-gcc -c -g -O2  conftest.c >&5
configure:5114: $? = 0
configure:5121: result: yes
configure:5168: checking whether to enable maintainer-specific portions of Makefiles
configure:5177: result: no
configure:5199: checking for arm-linux-gnueabihf-gcc
configure:5226: result: arm-linux-gnueabihf-gcc
configure:5495: checking for C compiler version
configure:5504: arm-linux-gnueabihf-gcc --version >&5
arm-linux-gnueabihf-gcc (Linaro GCC 5.3-2016.02) 5.3.1 20160113
Copyright (C) 2015 Free Software Foundation, Inc.
This is free software; see the source for copying conditions.  There is NO
warranty; not even for MERCHANTABILITY or FITNESS FOR A PARTICULAR PURPOSE.

configure:5515: $? = 0
configure:5504: arm-linux-gnueabihf-gcc -v >&5
Using built-in specs.
COLLECT_GCC=arm-linux-gnueabihf-gcc
COLLECT_LTO_WRAPPER=/home/zju/TI335/04-Linux_source/Toolchain/gcc-linaro-5.3-2016.02-x86_64_arm-linux-gnueabihf/bin/../libexec/gcc/arm-linux-gnueabihf/5.3.1/lto-wrapper
Target: arm-linux-gnueabihf
Configured with: /home/tcwg-buildslave/workspace/tcwg-make-release/label/tcwg-x86_64-ex40/target/arm-linux-gnueabihf/snapshots/gcc-linaro-5.3-2016.02/configure SHELL=/bin/bash --with-bugurl=https://bugs.linaro.org --with-mpc=/home/tcwg-buildslave/workspace/tcwg-make-release/label/tcwg-x86_64-ex40/target/arm-linux-gnueabihf/_build/builds/destdir/x86_64-unknown-linux-gnu --with-mpfr=/home/tcwg-buildslave/workspace/tcwg-make-release/label/tcwg-x86_64-ex40/target/arm-linux-gnueabihf/_build/builds/destdir/x86_64-unknown-linux-gnu --with-gmp=/home/tcwg-buildslave/workspace/tcwg-make-release/label/tcwg-x86_64-ex40/target/arm-linux-gnueabihf/_build/builds/destdir/x86_64-unknown-linux-gnu --with-gnu-as --with-gnu-ld --disable-libstdcxx-pch --disable-libmudflap --with-cloog=no --with-ppl=no --with-isl=no --disable-nls --enable-c99 --with-tune=cortex-a9 --with-arch=armv7-a --with-fpu=vfpv3-d16 --with-float=hard --with-mode=thumb --disable-multilib --enable-multiarch --with-build-sysroot=/home/tcwg-buildslave/workspace/tcwg-make-release/label/tcwg-x86_64-ex40/target/arm-linux-gnueabihf/_build/sysroots/arm-linux-gnueabihf --enable-lto --enable-linker-build-id --enable-long-long --enable-shared --with-sysroot=/home/tcwg-buildslave/workspace/tcwg-make-release/label/tcwg-x86_64-ex40/target/arm-linux-gnueabihf/_build/builds/destdir/x86_64-unknown-linux-gnu/arm-linux-gnueabihf/libc --enable-languages=c,c++,fortran,lto --enable-checking=release --disable-bootstrap --with-bugurl=https://bugs.linaro.org --build=x86_64-unknown-linux-gnu --host=x86_64-unknown-linux-gnu --target=arm-linux-gnueabihf --prefix=/home/tcwg-buildslave/workspace/tcwg-make-release/label/tcwg-x86_64-ex40/target/arm-linux-gnueabihf/_build/builds/destdir/x86_64-unknown-linux-gnu
Thread model: posix
gcc version 5.3.1 20160113 (Linaro GCC 5.3-2016.02) 
configure:5515: $? = 0
configure:5504: arm-linux-gnueabihf-gcc -V >&5
arm-linux-gnueabihf-gcc: error: unrecognized command line option '-V'
arm-linux-gnueabihf-gcc: fatal error: no input files
compilation terminated.
configure:5515: $? = 1
configure:5504: arm-linux-gnueabihf-gcc -qversion >&5
arm-linux-gnueabihf-gcc: error: unrecognized command line option '-qversion'
arm-linux-gnueabihf-gcc: fatal error: no input files
compilation terminated.
configure:5515: $? = 1
configure:5519: checking whether we are using the GNU C compiler
configure:5547: result: yes
configure:5556: checking whether arm-linux-gnueabihf-gcc accepts -g
configure:5617: result: yes
configure:5634: checking for arm-linux-gnueabihf-gcc option to accept ISO C89
configure:5710: result: none needed
configure:5735: checking whether arm-linux-gnueabihf-gcc understands -c and -o together
configure:5772: result: yes
configure:5791: checking dependency style of arm-linux-gnueabihf-gcc
configure:5902: result: gcc3
configure:5920: checking for arm-linux-gnueabihf-ranlib
configure:5936: found /home/zju/TI335/04-Linux_source/Toolchain/gcc-linaro-5.3-2016.02-x86_64_arm-linux-gnueabihf/bin/arm-linux-gnueabihf-ranlib
configure:5947: result: arm-linux-gnueabihf-ranlib
configure:6035: checking whether arm-linux-gnueabihf-gcc needs -traditional
configure:6069: result: no
configure:6095: checking sys/mman.h usability
configure:6095: arm-linux-gnueabihf-gcc -c -g -O2  conftest.c >&5
configure:6095: $? = 0
configure:6095: result: yes
configure:6095: checking sys/mman.h presence
configure:6095: arm-linux-gnueabihf-gcc -E  conftest.c
configure:6095: $? = 0
configure:6095: result: yes
configure:6095: checking for sys/mman.h
configure:6095: result: yes
configure:6095: checking wchar.h usability
configure:6095: arm-linux-gnueabihf-gcc -c -g -O2  conftest.c >&5
configure:6095: $? = 0
configure:6095: result: yes
configure:6095: checking wchar.h presence
configure:6095: arm-linux-gnueabihf-gcc -E  conftest.c
configure:6095: $? = 0
configure:6095: result: yes
configure:6095: checking for wchar.h
configure:6095: result: yes
configure:6095: checking for stdint.h
configure:6095: result: yes
configure:6116: checking for mprotect
configure:6116: arm-linux-gnueabihf-gcc -o conftest -g -O2   conftest.c  >&5
configure:6116: $? = 0
configure:6116: result: yes
configure:6116: checking for sigaction
configure:6116: arm-linux-gnueabihf-gcc -o conftest -g -O2   conftest.c  >&5
configure:6116: $? = 0
configure:6116: result: yes
configure:6116: checking for sigaltstack
configure:6116: arm-linux-gnueabihf-gcc -o conftest -g -O2   conftest.c  >&5
configure:6116: $? = 0
configure:6116: result: yes
configure:6116: checking for siginterrupt
configure:6116: arm-linux-gnueabihf-gcc -o conftest -g -O2   conftest.c  >&5
configure:6116: $? = 0
configure:6116: result: yes
configure:6207: checking for mmap
configure:6207: arm-linux-gnueabihf-gcc -o conftest -g -O2   conftest.c  >&5
configure:6207: $? = 0
configure:6207: result: yes
configure:6218: checking for MAP_ANONYMOUS
configure:6255: result: yes
configure:6289: checking whether memchr works
configure:6362: result: guessing no
configure:6370: checking whether memmem is declared
configure:6370: arm-linux-gnueabihf-gcc -c -g -O2  conftest.c >&5
configure:6370: $? = 0
configure:6370: result: yes
configure:6388: checking for memmem
configure:6388: arm-linux-gnueabihf-gcc -o conftest -g -O2   conftest.c  >&5
configure:6388: $? = 0
configure:6388: result: yes
configure:6412: checking whether memmem works
configure:6487: result: yes
configure:6505: arm-linux-gnueabihf-gcc -c -g -O2  conftest.c >&5
conftest.c:40:10: error: unknown type name 'not'
          not a universal capable compiler
          ^
conftest.c:40:16: error: expected '=', ',', ';', 'asm' or '__attribute__' before 'universal'
          not a universal capable compiler
                ^
conftest.c:40:16: error: unknown type name 'universal'
configure:6505: $? = 1
configure: failed program was:
| /* confdefs.h */
| #define PACKAGE_NAME "cgminer"
| #define PACKAGE_TARNAME "cgminer"
| #define PACKAGE_VERSION "4.9.2"
| #define PACKAGE_STRING "cgminer 4.9.2"
| #define PACKAGE_BUGREPORT "kernel@kolivas.org"
| #define PACKAGE_URL ""
| #define PACKAGE "cgminer"
| #define VERSION "4.9.2"
| #define STDC_HEADERS 1
| #define HAVE_SYS_TYPES_H 1
| #define HAVE_SYS_STAT_H 1
| #define HAVE_STDLIB_H 1
| #define HAVE_STRING_H 1
| #define HAVE_MEMORY_H 1
| #define HAVE_STRINGS_H 1
| #define HAVE_INTTYPES_H 1
| #define HAVE_STDINT_H 1
| #define HAVE_UNISTD_H 1
| #define __EXTENSIONS__ 1
| #define _ALL_SOURCE 1
| #define _GNU_SOURCE 1
| #define _POSIX_PTHREAD_SEMANTICS 1
| #define _TANDEM_SOURCE 1
| #define CGMINER_MAJOR_VERSION 4
| #define CGMINER_MINOR_VERSION 9
| #define CGMINER_MINOR_SUBVERSION 2
| #define HAVE_SYS_MMAN_H 1
| #define HAVE_WCHAR_H 1
| #define HAVE_STDINT_H 1
| #define HAVE_MPROTECT 1
| #define HAVE_SIGACTION 1
| #define HAVE_SIGALTSTACK 1
| #define HAVE_SIGINTERRUPT 1
| #define HAVE_MAP_ANONYMOUS 1
| #define HAVE_DECL_MEMMEM 1
| #define HAVE_MEMMEM 1
| /* end confdefs.h.  */
| #ifndef __APPLE_CC__
|          not a universal capable compiler
|         #endif
|         typedef int dummy;
| 
configure:6556: checking for C/C++ restrict keyword
configure:6581: arm-linux-gnueabihf-gcc -c -g -O2  conftest.c >&5
configure:6581: $? = 0
configure:6589: result: __restrict
configure:6602: checking for uid_t in sys/types.h
configure:6621: result: yes
configure:6632: checking for inline
configure:6648: arm-linux-gnueabihf-gcc -c -g -O2  conftest.c >&5
configure:6648: $? = 0
configure:6656: result: inline
configure:6689: checking whether the preprocessor supports include_next
configure:6727: arm-linux-gnueabihf-gcc -c -g -O2  -Iconftestd1b -Iconftestd2 conftest.c >&5
configure:6727: $? = 0
configure:6748: result: yes
configure:6769: checking whether system header files limit the line length
configure:6792: result: no
configure:6806: checking for wchar_t
configure:6823: arm-linux-gnueabihf-gcc -c -g -O2  conftest.c >&5
configure:6823: $? = 0
configure:6830: result: yes
configure:6839: checking for unsigned long long int
configure:6878: arm-linux-gnueabihf-gcc -o conftest -g -O2   conftest.c  >&5
configure:6878: $? = 0
configure:6887: result: yes
configure:6897: checking for long long int
configure:6947: result: yes
configure:7084: checking whether stdint.h conforms to C99
configure:7255: arm-linux-gnueabihf-gcc -c -g -O2  conftest.c >&5
configure:7255: $? = 0
configure:7349: result: yes
configure:7748: checking whether memmem is declared without a macro
configure:7766: arm-linux-gnueabihf-gcc -c -g -O2  conftest.c >&5
configure:7766: $? = 0
configure:7774: result: yes
configure:7748: checking whether mempcpy is declared without a macro
configure:7766: arm-linux-gnueabihf-gcc -c -g -O2  conftest.c >&5
configure:7766: $? = 0
configure:7774: result: yes
configure:7748: checking whether memrchr is declared without a macro
configure:7766: arm-linux-gnueabihf-gcc -c -g -O2  conftest.c >&5
configure:7766: $? = 0
configure:7774: result: yes
configure:7748: checking whether rawmemchr is declared without a macro
configure:7766: arm-linux-gnueabihf-gcc -c -g -O2  conftest.c >&5
configure:7766: $? = 0
configure:7774: result: yes
configure:7748: checking whether stpcpy is declared without a macro
configure:7766: arm-linux-gnueabihf-gcc -c -g -O2  conftest.c >&5
configure:7766: $? = 0
configure:7774: result: yes
configure:7748: checking whether stpncpy is declared without a macro
configure:7766: arm-linux-gnueabihf-gcc -c -g -O2  conftest.c >&5
configure:7766: $? = 0
configure:7774: result: yes
configure:7748: checking whether strchrnul is declared without a macro
configure:7766: arm-linux-gnueabihf-gcc -c -g -O2  conftest.c >&5
configure:7766: $? = 0
configure:7774: result: yes
configure:7748: checking whether strdup is declared without a macro
configure:7766: arm-linux-gnueabihf-gcc -c -g -O2  conftest.c >&5
configure:7766: $? = 0
configure:7774: result: yes
configure:7748: checking whether strncat is declared without a macro
configure:7766: arm-linux-gnueabihf-gcc -c -g -O2  conftest.c >&5
configure:7766: $? = 0
configure:7774: result: yes
configure:7748: checking whether strndup is declared without a macro
configure:7766: arm-linux-gnueabihf-gcc -c -g -O2  conftest.c >&5
configure:7766: $? = 0
configure:7774: result: yes
configure:7748: checking whether strnlen is declared without a macro
configure:7766: arm-linux-gnueabihf-gcc -c -g -O2  conftest.c >&5
configure:7766: $? = 0
configure:7774: result: yes
configure:7748: checking whether strpbrk is declared without a macro
configure:7766: arm-linux-gnueabihf-gcc -c -g -O2  conftest.c >&5
configure:7766: $? = 0
configure:7774: result: yes
configure:7748: checking whether strsep is declared without a macro
configure:7766: arm-linux-gnueabihf-gcc -c -g -O2  conftest.c >&5
configure:7766: $? = 0
configure:7774: result: yes
configure:7748: checking whether strcasestr is declared without a macro
configure:7766: arm-linux-gnueabihf-gcc -c -g -O2  conftest.c >&5
configure:7766: $? = 0
configure:7774: result: yes
configure:7748: checking whether strtok_r is declared without a macro
configure:7766: arm-linux-gnueabihf-gcc -c -g -O2  conftest.c >&5
configure:7766: $? = 0
configure:7774: result: yes
configure:7748: checking whether strerror_r is declared without a macro
configure:7766: arm-linux-gnueabihf-gcc -c -g -O2  conftest.c >&5
configure:7766: $? = 0
configure:7774: result: yes
configure:7748: checking whether strsignal is declared without a macro
configure:7766: arm-linux-gnueabihf-gcc -c -g -O2  conftest.c >&5
configure:7766: $? = 0
configure:7774: result: yes
configure:7748: checking whether strverscmp is declared without a macro
configure:7766: arm-linux-gnueabihf-gcc -c -g -O2  conftest.c >&5
configure:7766: $? = 0
configure:7774: result: yes
configure:7824: checking bp-sym.h usability
configure:7824: arm-linux-gnueabihf-gcc -c -g -O2  conftest.c >&5
conftest.c:94:20: fatal error: bp-sym.h: No such file or directory
compilation terminated.
configure:7824: $? = 1
configure: failed program was:
| /* confdefs.h */
| #define PACKAGE_NAME "cgminer"
| #define PACKAGE_TARNAME "cgminer"
| #define PACKAGE_VERSION "4.9.2"
| #define PACKAGE_STRING "cgminer 4.9.2"
| #define PACKAGE_BUGREPORT "kernel@kolivas.org"
| #define PACKAGE_URL ""
| #define PACKAGE "cgminer"
| #define VERSION "4.9.2"
| #define STDC_HEADERS 1
| #define HAVE_SYS_TYPES_H 1
| #define HAVE_SYS_STAT_H 1
| #define HAVE_STDLIB_H 1
| #define HAVE_STRING_H 1
| #define HAVE_MEMORY_H 1
| #define HAVE_STRINGS_H 1
| #define HAVE_INTTYPES_H 1
| #define HAVE_STDINT_H 1
| #define HAVE_UNISTD_H 1
| #define __EXTENSIONS__ 1
| #define _ALL_SOURCE 1
| #define _GNU_SOURCE 1
| #define _POSIX_PTHREAD_SEMANTICS 1
| #define _TANDEM_SOURCE 1
| #define CGMINER_MAJOR_VERSION 4
| #define CGMINER_MINOR_VERSION 9
| #define CGMINER_MINOR_SUBVERSION 2
| #define HAVE_SYS_MMAN_H 1
| #define HAVE_WCHAR_H 1
| #define HAVE_STDINT_H 1
| #define HAVE_MPROTECT 1
| #define HAVE_SIGACTION 1
| #define HAVE_SIGALTSTACK 1
| #define HAVE_SIGINTERRUPT 1
| #define HAVE_MAP_ANONYMOUS 1
| #define HAVE_DECL_MEMMEM 1
| #define HAVE_MEMMEM 1
| #define restrict __restrict
| #define HAVE_WCHAR_T 1
| #define HAVE_UNSIGNED_LONG_LONG_INT 1
| #define HAVE_LONG_LONG_INT 1
| #define HAVE_RAW_DECL_MEMMEM 1
| #define HAVE_RAW_DECL_MEMPCPY 1
| #define HAVE_RAW_DECL_MEMRCHR 1
| #define HAVE_RAW_DECL_RAWMEMCHR 1
| #define HAVE_RAW_DECL_STPCPY 1
| #define HAVE_RAW_DECL_STPNCPY 1
| #define HAVE_RAW_DECL_STRCHRNUL 1
| #define HAVE_RAW_DECL_STRDUP 1
| #define HAVE_RAW_DECL_STRNCAT 1
| #define HAVE_RAW_DECL_STRNDUP 1
| #define HAVE_RAW_DECL_STRNLEN 1
| #define HAVE_RAW_DECL_STRPBRK 1
| #define HAVE_RAW_DECL_STRSEP 1
| #define HAVE_RAW_DECL_STRCASESTR 1
| #define HAVE_RAW_DECL_STRTOK_R 1
| #define HAVE_RAW_DECL_STRERROR_R 1
| #define HAVE_RAW_DECL_STRSIGNAL 1
| #define HAVE_RAW_DECL_STRVERSCMP 1
| /* end confdefs.h.  */
| #include <stdio.h>
| #ifdef HAVE_SYS_TYPES_H
| # include <sys/types.h>
| #endif
| #ifdef HAVE_SYS_STAT_H
| # include <sys/stat.h>
| #endif
| #ifdef STDC_HEADERS
| # include <stdlib.h>
| # include <stddef.h>
| #else
| # ifdef HAVE_STDLIB_H
| #  include <stdlib.h>
| # endif
| #endif
| #ifdef HAVE_STRING_H
| # if !defined STDC_HEADERS && defined HAVE_MEMORY_H
| #  include <memory.h>
| # endif
| # include <string.h>
| #endif
| #ifdef HAVE_STRINGS_H
| # include <strings.h>
| #endif
| #ifdef HAVE_INTTYPES_H
| # include <inttypes.h>
| #endif
| #ifdef HAVE_STDINT_H
| # include <stdint.h>
| #endif
| #ifdef HAVE_UNISTD_H
| # include <unistd.h>
| #endif
| #include <bp-sym.h>
configure:7824: result: no
configure:7824: checking bp-sym.h presence
configure:7824: arm-linux-gnueabihf-gcc -E  conftest.c
conftest.c:61:20: fatal error: bp-sym.h: No such file or directory
compilation terminated.
configure:7824: $? = 1
configure: failed program was:
| /* confdefs.h */
| #define PACKAGE_NAME "cgminer"
| #define PACKAGE_TARNAME "cgminer"
| #define PACKAGE_VERSION "4.9.2"
| #define PACKAGE_STRING "cgminer 4.9.2"
| #define PACKAGE_BUGREPORT "kernel@kolivas.org"
| #define PACKAGE_URL ""
| #define PACKAGE "cgminer"
| #define VERSION "4.9.2"
| #define STDC_HEADERS 1
| #define HAVE_SYS_TYPES_H 1
| #define HAVE_SYS_STAT_H 1
| #define HAVE_STDLIB_H 1
| #define HAVE_STRING_H 1
| #define HAVE_MEMORY_H 1
| #define HAVE_STRINGS_H 1
| #define HAVE_INTTYPES_H 1
| #define HAVE_STDINT_H 1
| #define HAVE_UNISTD_H 1
| #define __EXTENSIONS__ 1
| #define _ALL_SOURCE 1
| #define _GNU_SOURCE 1
| #define _POSIX_PTHREAD_SEMANTICS 1
| #define _TANDEM_SOURCE 1
| #define CGMINER_MAJOR_VERSION 4
| #define CGMINER_MINOR_VERSION 9
| #define CGMINER_MINOR_SUBVERSION 2
| #define HAVE_SYS_MMAN_H 1
| #define HAVE_WCHAR_H 1
| #define HAVE_STDINT_H 1
| #define HAVE_MPROTECT 1
| #define HAVE_SIGACTION 1
| #define HAVE_SIGALTSTACK 1
| #define HAVE_SIGINTERRUPT 1
| #define HAVE_MAP_ANONYMOUS 1
| #define HAVE_DECL_MEMMEM 1
| #define HAVE_MEMMEM 1
| #define restrict __restrict
| #define HAVE_WCHAR_T 1
| #define HAVE_UNSIGNED_LONG_LONG_INT 1
| #define HAVE_LONG_LONG_INT 1
| #define HAVE_RAW_DECL_MEMMEM 1
| #define HAVE_RAW_DECL_MEMPCPY 1
| #define HAVE_RAW_DECL_MEMRCHR 1
| #define HAVE_RAW_DECL_RAWMEMCHR 1
| #define HAVE_RAW_DECL_STPCPY 1
| #define HAVE_RAW_DECL_STPNCPY 1
| #define HAVE_RAW_DECL_STRCHRNUL 1
| #define HAVE_RAW_DECL_STRDUP 1
| #define HAVE_RAW_DECL_STRNCAT 1
| #define HAVE_RAW_DECL_STRNDUP 1
| #define HAVE_RAW_DECL_STRNLEN 1
| #define HAVE_RAW_DECL_STRPBRK 1
| #define HAVE_RAW_DECL_STRSEP 1
| #define HAVE_RAW_DECL_STRCASESTR 1
| #define HAVE_RAW_DECL_STRTOK_R 1
| #define HAVE_RAW_DECL_STRERROR_R 1
| #define HAVE_RAW_DECL_STRSIGNAL 1
| #define HAVE_RAW_DECL_STRVERSCMP 1
| /* end confdefs.h.  */
| #include <bp-sym.h>
configure:7824: result: no
configure:7824: checking for bp-sym.h
configure:7824: result: no
configure:7854: checking whether memmem works in linear time
configure:7936: result: yes
configure:7961: checking for memmem
configure:7961: result: yes
configure:7985: checking whether memmem works
configure:8060: result: yes
configure:8106: checking for struct sigaction.sa_sigaction
configure:8106: arm-linux-gnueabihf-gcc -c -g -O2  conftest.c >&5
configure:8106: $? = 0
configure:8106: result: yes
configure:8241: checking for volatile sig_atomic_t
configure:8241: arm-linux-gnueabihf-gcc -c -g -O2  conftest.c >&5
configure:8241: $? = 0
configure:8241: arm-linux-gnueabihf-gcc -c -g -O2  conftest.c >&5
conftest.c: In function 'main':
conftest.c:73:36: error: expected expression before ')' token
 if (sizeof ((volatile sig_atomic_t)))
                                    ^
configure:8241: $? = 1
configure: failed program was:
| /* confdefs.h */
| #define PACKAGE_NAME "cgminer"
| #define PACKAGE_TARNAME "cgminer"
| #define PACKAGE_VERSION "4.9.2"
| #define PACKAGE_STRING "cgminer 4.9.2"
| #define PACKAGE_BUGREPORT "kernel@kolivas.org"
| #define PACKAGE_URL ""
| #define PACKAGE "cgminer"
| #define VERSION "4.9.2"
| #define STDC_HEADERS 1
| #define HAVE_SYS_TYPES_H 1
| #define HAVE_SYS_STAT_H 1
| #define HAVE_STDLIB_H 1
| #define HAVE_STRING_H 1
| #define HAVE_MEMORY_H 1
| #define HAVE_STRINGS_H 1
| #define HAVE_INTTYPES_H 1
| #define HAVE_STDINT_H 1
| #define HAVE_UNISTD_H 1
| #define __EXTENSIONS__ 1
| #define _ALL_SOURCE 1
| #define _GNU_SOURCE 1
| #define _POSIX_PTHREAD_SEMANTICS 1
| #define _TANDEM_SOURCE 1
| #define CGMINER_MAJOR_VERSION 4
| #define CGMINER_MINOR_VERSION 9
| #define CGMINER_MINOR_SUBVERSION 2
| #define HAVE_SYS_MMAN_H 1
| #define HAVE_WCHAR_H 1
| #define HAVE_STDINT_H 1
| #define HAVE_MPROTECT 1
| #define HAVE_SIGACTION 1
| #define HAVE_SIGALTSTACK 1
| #define HAVE_SIGINTERRUPT 1
| #define HAVE_MAP_ANONYMOUS 1
| #define HAVE_DECL_MEMMEM 1
| #define HAVE_MEMMEM 1
| #define restrict __restrict
| #define HAVE_WCHAR_T 1
| #define HAVE_UNSIGNED_LONG_LONG_INT 1
| #define HAVE_LONG_LONG_INT 1
| #define HAVE_RAW_DECL_MEMMEM 1
| #define HAVE_RAW_DECL_MEMPCPY 1
| #define HAVE_RAW_DECL_MEMRCHR 1
| #define HAVE_RAW_DECL_RAWMEMCHR 1
| #define HAVE_RAW_DECL_STPCPY 1
| #define HAVE_RAW_DECL_STPNCPY 1
| #define HAVE_RAW_DECL_STRCHRNUL 1
| #define HAVE_RAW_DECL_STRDUP 1
| #define HAVE_RAW_DECL_STRNCAT 1
| #define HAVE_RAW_DECL_STRNDUP 1
| #define HAVE_RAW_DECL_STRNLEN 1
| #define HAVE_RAW_DECL_STRPBRK 1
| #define HAVE_RAW_DECL_STRSEP 1
| #define HAVE_RAW_DECL_STRCASESTR 1
| #define HAVE_RAW_DECL_STRTOK_R 1
| #define HAVE_RAW_DECL_STRERROR_R 1
| #define HAVE_RAW_DECL_STRSIGNAL 1
| #define HAVE_RAW_DECL_STRVERSCMP 1
| #define GNULIB_TEST_MEMCHR 1
| #define HAVE_MEMMEM 1
| #define GNULIB_TEST_MEMMEM 1
| #define HAVE_STRUCT_SIGACTION_SA_SIGACTION 1
| #define GNULIB_TEST_SIGACTION 1
| /* end confdefs.h.  */
| 
| #include <signal.h>
| 
| 
| int
| main ()
| {
| if (sizeof ((volatile sig_atomic_t)))
| 	    return 0;
|   ;
|   return 0;
| }
configure:8241: result: yes
configure:8255: checking for sighandler_t
configure:8255: arm-linux-gnueabihf-gcc -c -g -O2  conftest.c >&5
configure:8255: $? = 0
configure:8255: arm-linux-gnueabihf-gcc -c -g -O2  conftest.c >&5
conftest.c: In function 'main':
conftest.c:73:27: error: expected expression before ')' token
 if (sizeof ((sighandler_t)))
                           ^
configure:8255: $? = 1
configure: failed program was:
| /* confdefs.h */
| #define PACKAGE_NAME "cgminer"
| #define PACKAGE_TARNAME "cgminer"
| #define PACKAGE_VERSION "4.9.2"
| #define PACKAGE_STRING "cgminer 4.9.2"
| #define PACKAGE_BUGREPORT "kernel@kolivas.org"
| #define PACKAGE_URL ""
| #define PACKAGE "cgminer"
| #define VERSION "4.9.2"
| #define STDC_HEADERS 1
| #define HAVE_SYS_TYPES_H 1
| #define HAVE_SYS_STAT_H 1
| #define HAVE_STDLIB_H 1
| #define HAVE_STRING_H 1
| #define HAVE_MEMORY_H 1
| #define HAVE_STRINGS_H 1
| #define HAVE_INTTYPES_H 1
| #define HAVE_STDINT_H 1
| #define HAVE_UNISTD_H 1
| #define __EXTENSIONS__ 1
| #define _ALL_SOURCE 1
| #define _GNU_SOURCE 1
| #define _POSIX_PTHREAD_SEMANTICS 1
| #define _TANDEM_SOURCE 1
| #define CGMINER_MAJOR_VERSION 4
| #define CGMINER_MINOR_VERSION 9
| #define CGMINER_MINOR_SUBVERSION 2
| #define HAVE_SYS_MMAN_H 1
| #define HAVE_WCHAR_H 1
| #define HAVE_STDINT_H 1
| #define HAVE_MPROTECT 1
| #define HAVE_SIGACTION 1
| #define HAVE_SIGALTSTACK 1
| #define HAVE_SIGINTERRUPT 1
| #define HAVE_MAP_ANONYMOUS 1
| #define HAVE_DECL_MEMMEM 1
| #define HAVE_MEMMEM 1
| #define restrict __restrict
| #define HAVE_WCHAR_T 1
| #define HAVE_UNSIGNED_LONG_LONG_INT 1
| #define HAVE_LONG_LONG_INT 1
| #define HAVE_RAW_DECL_MEMMEM 1
| #define HAVE_RAW_DECL_MEMPCPY 1
| #define HAVE_RAW_DECL_MEMRCHR 1
| #define HAVE_RAW_DECL_RAWMEMCHR 1
| #define HAVE_RAW_DECL_STPCPY 1
| #define HAVE_RAW_DECL_STPNCPY 1
| #define HAVE_RAW_DECL_STRCHRNUL 1
| #define HAVE_RAW_DECL_STRDUP 1
| #define HAVE_RAW_DECL_STRNCAT 1
| #define HAVE_RAW_DECL_STRNDUP 1
| #define HAVE_RAW_DECL_STRNLEN 1
| #define HAVE_RAW_DECL_STRPBRK 1
| #define HAVE_RAW_DECL_STRSEP 1
| #define HAVE_RAW_DECL_STRCASESTR 1
| #define HAVE_RAW_DECL_STRTOK_R 1
| #define HAVE_RAW_DECL_STRERROR_R 1
| #define HAVE_RAW_DECL_STRSIGNAL 1
| #define HAVE_RAW_DECL_STRVERSCMP 1
| #define GNULIB_TEST_MEMCHR 1
| #define HAVE_MEMMEM 1
| #define GNULIB_TEST_MEMMEM 1
| #define HAVE_STRUCT_SIGACTION_SA_SIGACTION 1
| #define GNULIB_TEST_SIGACTION 1
| /* end confdefs.h.  */
| 
| #include <signal.h>
| 
| 
| int
| main ()
| {
| if (sizeof ((sighandler_t)))
| 	    return 0;
|   ;
|   return 0;
| }
configure:8255: result: yes
configure:8269: checking whether sigaction is declared without a macro
configure:8287: arm-linux-gnueabihf-gcc -c -g -O2  conftest.c >&5
configure:8287: $? = 0
configure:8295: result: yes
configure:8269: checking whether sigaddset is declared without a macro
configure:8287: arm-linux-gnueabihf-gcc -c -g -O2  conftest.c >&5
configure:8287: $? = 0
configure:8295: result: yes
configure:8269: checking whether sigdelset is declared without a macro
configure:8287: arm-linux-gnueabihf-gcc -c -g -O2  conftest.c >&5
configure:8287: $? = 0
configure:8295: result: yes
configure:8269: checking whether sigemptyset is declared without a macro
configure:8287: arm-linux-gnueabihf-gcc -c -g -O2  conftest.c >&5
configure:8287: $? = 0
configure:8295: result: yes
configure:8269: checking whether sigfillset is declared without a macro
configure:8287: arm-linux-gnueabihf-gcc -c -g -O2  conftest.c >&5
configure:8287: $? = 0
configure:8295: result: yes
configure:8269: checking whether sigismember is declared without a macro
configure:8287: arm-linux-gnueabihf-gcc -c -g -O2  conftest.c >&5
configure:8287: $? = 0
configure:8295: result: yes
configure:8269: checking whether sigpending is declared without a macro
configure:8287: arm-linux-gnueabihf-gcc -c -g -O2  conftest.c >&5
configure:8287: $? = 0
configure:8295: result: yes
configure:8269: checking whether sigprocmask is declared without a macro
configure:8287: arm-linux-gnueabihf-gcc -c -g -O2  conftest.c >&5
configure:8287: $? = 0
configure:8295: result: yes
configure:8324: checking for sigprocmask
configure:8324: arm-linux-gnueabihf-gcc -o conftest -g -O2   conftest.c  >&5
configure:8324: $? = 0
configure:8324: result: yes
configure:8391: checking whether NULL can be used in arbitrary expressions
configure:8409: arm-linux-gnueabihf-gcc -c -g -O2  conftest.c >&5
configure:8409: $? = 0
configure:8416: result: yes
configure:8531: checking for ANSI C header files
configure:8635: result: yes
configure:8645: checking syslog.h usability
configure:8645: arm-linux-gnueabihf-gcc -c -g -O2  conftest.c >&5
configure:8645: $? = 0
configure:8645: result: yes
configure:8645: checking syslog.h presence
configure:8645: arm-linux-gnueabihf-gcc -E  conftest.c
configure:8645: $? = 0
configure:8645: result: yes
configure:8645: checking for syslog.h
configure:8645: result: yes
configure:8656: checking for size_t
configure:8656: arm-linux-gnueabihf-gcc -c -g -O2  conftest.c >&5
configure:8656: $? = 0
configure:8656: arm-linux-gnueabihf-gcc -c -g -O2  conftest.c >&5
conftest.c: In function 'main':
conftest.c:113:21: error: expected expression before ')' token
 if (sizeof ((size_t)))
                     ^
configure:8656: $? = 1
configure: failed program was:
| /* confdefs.h */
| #define PACKAGE_NAME "cgminer"
| #define PACKAGE_TARNAME "cgminer"
| #define PACKAGE_VERSION "4.9.2"
| #define PACKAGE_STRING "cgminer 4.9.2"
| #define PACKAGE_BUGREPORT "kernel@kolivas.org"
| #define PACKAGE_URL ""
| #define PACKAGE "cgminer"
| #define VERSION "4.9.2"
| #define STDC_HEADERS 1
| #define HAVE_SYS_TYPES_H 1
| #define HAVE_SYS_STAT_H 1
| #define HAVE_STDLIB_H 1
| #define HAVE_STRING_H 1
| #define HAVE_MEMORY_H 1
| #define HAVE_STRINGS_H 1
| #define HAVE_INTTYPES_H 1
| #define HAVE_STDINT_H 1
| #define HAVE_UNISTD_H 1
| #define __EXTENSIONS__ 1
| #define _ALL_SOURCE 1
| #define _GNU_SOURCE 1
| #define _POSIX_PTHREAD_SEMANTICS 1
| #define _TANDEM_SOURCE 1
| #define CGMINER_MAJOR_VERSION 4
| #define CGMINER_MINOR_VERSION 9
| #define CGMINER_MINOR_SUBVERSION 2
| #define HAVE_SYS_MMAN_H 1
| #define HAVE_WCHAR_H 1
| #define HAVE_STDINT_H 1
| #define HAVE_MPROTECT 1
| #define HAVE_SIGACTION 1
| #define HAVE_SIGALTSTACK 1
| #define HAVE_SIGINTERRUPT 1
| #define HAVE_MAP_ANONYMOUS 1
| #define HAVE_DECL_MEMMEM 1
| #define HAVE_MEMMEM 1
| #define restrict __restrict
| #define HAVE_WCHAR_T 1
| #define HAVE_UNSIGNED_LONG_LONG_INT 1
| #define HAVE_LONG_LONG_INT 1
| #define HAVE_RAW_DECL_MEMMEM 1
| #define HAVE_RAW_DECL_MEMPCPY 1
| #define HAVE_RAW_DECL_MEMRCHR 1
| #define HAVE_RAW_DECL_RAWMEMCHR 1
| #define HAVE_RAW_DECL_STPCPY 1
| #define HAVE_RAW_DECL_STPNCPY 1
| #define HAVE_RAW_DECL_STRCHRNUL 1
| #define HAVE_RAW_DECL_STRDUP 1
| #define HAVE_RAW_DECL_STRNCAT 1
| #define HAVE_RAW_DECL_STRNDUP 1
| #define HAVE_RAW_DECL_STRNLEN 1
| #define HAVE_RAW_DECL_STRPBRK 1
| #define HAVE_RAW_DECL_STRSEP 1
| #define HAVE_RAW_DECL_STRCASESTR 1
| #define HAVE_RAW_DECL_STRTOK_R 1
| #define HAVE_RAW_DECL_STRERROR_R 1
| #define HAVE_RAW_DECL_STRSIGNAL 1
| #define HAVE_RAW_DECL_STRVERSCMP 1
| #define GNULIB_TEST_MEMCHR 1
| #define HAVE_MEMMEM 1
| #define GNULIB_TEST_MEMMEM 1
| #define HAVE_STRUCT_SIGACTION_SA_SIGACTION 1
| #define GNULIB_TEST_SIGACTION 1
| #define HAVE_RAW_DECL_SIGACTION 1
| #define HAVE_RAW_DECL_SIGADDSET 1
| #define HAVE_RAW_DECL_SIGDELSET 1
| #define HAVE_RAW_DECL_SIGEMPTYSET 1
| #define HAVE_RAW_DECL_SIGFILLSET 1
| #define HAVE_RAW_DECL_SIGISMEMBER 1
| #define HAVE_RAW_DECL_SIGPENDING 1
| #define HAVE_RAW_DECL_SIGPROCMASK 1
| #define GNULIB_TEST_SIGPROCMASK 1
| #define STDC_HEADERS 1
| #define HAVE_SYSLOG_H 1
| /* end confdefs.h.  */
| #include <stdio.h>
| #ifdef HAVE_SYS_TYPES_H
| # include <sys/types.h>
| #endif
| #ifdef HAVE_SYS_STAT_H
| # include <sys/stat.h>
| #endif
| #ifdef STDC_HEADERS
| # include <stdlib.h>
| # include <stddef.h>
| #else
| # ifdef HAVE_STDLIB_H
| #  include <stdlib.h>
| # endif
| #endif
| #ifdef HAVE_STRING_H
| # if !defined STDC_HEADERS && defined HAVE_MEMORY_H
| #  include <memory.h>
| # endif
| # include <string.h>
| #endif
| #ifdef HAVE_STRINGS_H
| # include <strings.h>
| #endif
| #ifdef HAVE_INTTYPES_H
| # include <inttypes.h>
| #endif
| #ifdef HAVE_STDINT_H
| # include <stdint.h>
| #endif
| #ifdef HAVE_UNISTD_H
| # include <unistd.h>
| #endif
| int
| main ()
| {
| if (sizeof ((size_t)))
| 	    return 0;
|   ;
|   return 0;
| }
configure:8656: result: yes
configure:8669: checking for working alloca.h
configure:8686: arm-linux-gnueabihf-gcc -o conftest -g -O2   conftest.c  >&5
configure:8686: $? = 0
configure:8694: result: yes
configure:8702: checking for alloca
configure:8739: arm-linux-gnueabihf-gcc -o conftest -g -O2   conftest.c  >&5
configure:8739: $? = 0
configure:8747: result: yes
configure:8961: checking for pthread_create in -lpthread
configure:8986: arm-linux-gnueabihf-gcc -o conftest -g -O2   conftest.c -lpthread   >&5
configure:8986: $? = 0
configure:8995: result: yes
configure:9645: checking for library containing addstr
configure:9676: arm-linux-gnueabihf-gcc -o conftest -g -O2   conftest.c -lpthread  >&5
/tmp/ccO4qtCe.o: In function `main':
/home/zju/devDir/native/cgminer/conftest.c:92: undefined reference to `addstr'
collect2: error: ld returned 1 exit status
configure:9676: $? = 1
configure: failed program was:
| /* confdefs.h */
| #define PACKAGE_NAME "cgminer"
| #define PACKAGE_TARNAME "cgminer"
| #define PACKAGE_VERSION "4.9.2"
| #define PACKAGE_STRING "cgminer 4.9.2"
| #define PACKAGE_BUGREPORT "kernel@kolivas.org"
| #define PACKAGE_URL ""
| #define PACKAGE "cgminer"
| #define VERSION "4.9.2"
| #define STDC_HEADERS 1
| #define HAVE_SYS_TYPES_H 1
| #define HAVE_SYS_STAT_H 1
| #define HAVE_STDLIB_H 1
| #define HAVE_STRING_H 1
| #define HAVE_MEMORY_H 1
| #define HAVE_STRINGS_H 1
| #define HAVE_INTTYPES_H 1
| #define HAVE_STDINT_H 1
| #define HAVE_UNISTD_H 1
| #define __EXTENSIONS__ 1
| #define _ALL_SOURCE 1
| #define _GNU_SOURCE 1
| #define _POSIX_PTHREAD_SEMANTICS 1
| #define _TANDEM_SOURCE 1
| #define CGMINER_MAJOR_VERSION 4
| #define CGMINER_MINOR_VERSION 9
| #define CGMINER_MINOR_SUBVERSION 2
| #define HAVE_SYS_MMAN_H 1
| #define HAVE_WCHAR_H 1
| #define HAVE_STDINT_H 1
| #define HAVE_MPROTECT 1
| #define HAVE_SIGACTION 1
| #define HAVE_SIGALTSTACK 1
| #define HAVE_SIGINTERRUPT 1
| #define HAVE_MAP_ANONYMOUS 1
| #define HAVE_DECL_MEMMEM 1
| #define HAVE_MEMMEM 1
| #define restrict __restrict
| #define HAVE_WCHAR_T 1
| #define HAVE_UNSIGNED_LONG_LONG_INT 1
| #define HAVE_LONG_LONG_INT 1
| #define HAVE_RAW_DECL_MEMMEM 1
| #define HAVE_RAW_DECL_MEMPCPY 1
| #define HAVE_RAW_DECL_MEMRCHR 1
| #define HAVE_RAW_DECL_RAWMEMCHR 1
| #define HAVE_RAW_DECL_STPCPY 1
| #define HAVE_RAW_DECL_STPNCPY 1
| #define HAVE_RAW_DECL_STRCHRNUL 1
| #define HAVE_RAW_DECL_STRDUP 1
| #define HAVE_RAW_DECL_STRNCAT 1
| #define HAVE_RAW_DECL_STRNDUP 1
| #define HAVE_RAW_DECL_STRNLEN 1
| #define HAVE_RAW_DECL_STRPBRK 1
| #define HAVE_RAW_DECL_STRSEP 1
| #define HAVE_RAW_DECL_STRCASESTR 1
| #define HAVE_RAW_DECL_STRTOK_R 1
| #define HAVE_RAW_DECL_STRERROR_R 1
| #define HAVE_RAW_DECL_STRSIGNAL 1
| #define HAVE_RAW_DECL_STRVERSCMP 1
| #define GNULIB_TEST_MEMCHR 1
| #define HAVE_MEMMEM 1
| #define GNULIB_TEST_MEMMEM 1
| #define HAVE_STRUCT_SIGACTION_SA_SIGACTION 1
| #define GNULIB_TEST_SIGACTION 1
| #define HAVE_RAW_DECL_SIGACTION 1
| #define HAVE_RAW_DECL_SIGADDSET 1
| #define HAVE_RAW_DECL_SIGDELSET 1
| #define HAVE_RAW_DECL_SIGEMPTYSET 1
| #define HAVE_RAW_DECL_SIGFILLSET 1
| #define HAVE_RAW_DECL_SIGISMEMBER 1
| #define HAVE_RAW_DECL_SIGPENDING 1
| #define HAVE_RAW_DECL_SIGPROCMASK 1
| #define GNULIB_TEST_SIGPROCMASK 1
| #define STDC_HEADERS 1
| #define HAVE_SYSLOG_H 1
| #define HAVE_ALLOCA_H 1
| #define HAVE_ALLOCA 1
| #define HAVE_LIBPTHREAD 1
| #define USE_BITMINE_D12S 1
| /* end confdefs.h.  */
| 
| /* Override any GCC internal prototype to avoid an error.
|    Use char because int might match the return type of a GCC
|    builtin and then its argument prototype would still apply.  */
| #ifdef __cplusplus
| extern "C"
| #endif
| char addstr ();
| int
| main ()
| {
| return addstr ();
|   ;
|   return 0;
| }
configure:9676: arm-linux-gnueabihf-gcc -o conftest -g -O2   conftest.c -lncurses  -lpthread  >&5
/home/zju/TI335/04-Linux_source/Toolchain/gcc-linaro-5.3-2016.02-x86_64_arm-linux-gnueabihf/bin/../lib/gcc/arm-linux-gnueabihf/5.3.1/../../../../arm-linux-gnueabihf/bin/ld: cannot find -lncurses
collect2: error: ld returned 1 exit status
configure:9676: $? = 1
configure: failed program was:
| /* confdefs.h */
| #define PACKAGE_NAME "cgminer"
| #define PACKAGE_TARNAME "cgminer"
| #define PACKAGE_VERSION "4.9.2"
| #define PACKAGE_STRING "cgminer 4.9.2"
| #define PACKAGE_BUGREPORT "kernel@kolivas.org"
| #define PACKAGE_URL ""
| #define PACKAGE "cgminer"
| #define VERSION "4.9.2"
| #define STDC_HEADERS 1
| #define HAVE_SYS_TYPES_H 1
| #define HAVE_SYS_STAT_H 1
| #define HAVE_STDLIB_H 1
| #define HAVE_STRING_H 1
| #define HAVE_MEMORY_H 1
| #define HAVE_STRINGS_H 1
| #define HAVE_INTTYPES_H 1
| #define HAVE_STDINT_H 1
| #define HAVE_UNISTD_H 1
| #define __EXTENSIONS__ 1
| #define _ALL_SOURCE 1
| #define _GNU_SOURCE 1
| #define _POSIX_PTHREAD_SEMANTICS 1
| #define _TANDEM_SOURCE 1
| #define CGMINER_MAJOR_VERSION 4
| #define CGMINER_MINOR_VERSION 9
| #define CGMINER_MINOR_SUBVERSION 2
| #define HAVE_SYS_MMAN_H 1
| #define HAVE_WCHAR_H 1
| #define HAVE_STDINT_H 1
| #define HAVE_MPROTECT 1
| #define HAVE_SIGACTION 1
| #define HAVE_SIGALTSTACK 1
| #define HAVE_SIGINTERRUPT 1
| #define HAVE_MAP_ANONYMOUS 1
| #define HAVE_DECL_MEMMEM 1
| #define HAVE_MEMMEM 1
| #define restrict __restrict
| #define HAVE_WCHAR_T 1
| #define HAVE_UNSIGNED_LONG_LONG_INT 1
| #define HAVE_LONG_LONG_INT 1
| #define HAVE_RAW_DECL_MEMMEM 1
| #define HAVE_RAW_DECL_MEMPCPY 1
| #define HAVE_RAW_DECL_MEMRCHR 1
| #define HAVE_RAW_DECL_RAWMEMCHR 1
| #define HAVE_RAW_DECL_STPCPY 1
| #define HAVE_RAW_DECL_STPNCPY 1
| #define HAVE_RAW_DECL_STRCHRNUL 1
| #define HAVE_RAW_DECL_STRDUP 1
| #define HAVE_RAW_DECL_STRNCAT 1
| #define HAVE_RAW_DECL_STRNDUP 1
| #define HAVE_RAW_DECL_STRNLEN 1
| #define HAVE_RAW_DECL_STRPBRK 1
| #define HAVE_RAW_DECL_STRSEP 1
| #define HAVE_RAW_DECL_STRCASESTR 1
| #define HAVE_RAW_DECL_STRTOK_R 1
| #define HAVE_RAW_DECL_STRERROR_R 1
| #define HAVE_RAW_DECL_STRSIGNAL 1
| #define HAVE_RAW_DECL_STRVERSCMP 1
| #define GNULIB_TEST_MEMCHR 1
| #define HAVE_MEMMEM 1
| #define GNULIB_TEST_MEMMEM 1
| #define HAVE_STRUCT_SIGACTION_SA_SIGACTION 1
| #define GNULIB_TEST_SIGACTION 1
| #define HAVE_RAW_DECL_SIGACTION 1
| #define HAVE_RAW_DECL_SIGADDSET 1
| #define HAVE_RAW_DECL_SIGDELSET 1
| #define HAVE_RAW_DECL_SIGEMPTYSET 1
| #define HAVE_RAW_DECL_SIGFILLSET 1
| #define HAVE_RAW_DECL_SIGISMEMBER 1
| #define HAVE_RAW_DECL_SIGPENDING 1
| #define HAVE_RAW_DECL_SIGPROCMASK 1
| #define GNULIB_TEST_SIGPROCMASK 1
| #define STDC_HEADERS 1
| #define HAVE_SYSLOG_H 1
| #define HAVE_ALLOCA_H 1
| #define HAVE_ALLOCA 1
| #define HAVE_LIBPTHREAD 1
| #define USE_BITMINE_D12S 1
| /* end confdefs.h.  */
| 
| /* Override any GCC internal prototype to avoid an error.
|    Use char because int might match the return type of a GCC
|    builtin and then its argument prototype would still apply.  */
| #ifdef __cplusplus
| extern "C"
| #endif
| char addstr ();
| int
| main ()
| {
| return addstr ();
|   ;
|   return 0;
| }
configure:9676: arm-linux-gnueabihf-gcc -o conftest -g -O2   conftest.c -lpdcurses  -lpthread  >&5
/home/zju/TI335/04-Linux_source/Toolchain/gcc-linaro-5.3-2016.02-x86_64_arm-linux-gnueabihf/bin/../lib/gcc/arm-linux-gnueabihf/5.3.1/../../../../arm-linux-gnueabihf/bin/ld: cannot find -lpdcurses
collect2: error: ld returned 1 exit status
configure:9676: $? = 1
configure: failed program was:
| /* confdefs.h */
| #define PACKAGE_NAME "cgminer"
| #define PACKAGE_TARNAME "cgminer"
| #define PACKAGE_VERSION "4.9.2"
| #define PACKAGE_STRING "cgminer 4.9.2"
| #define PACKAGE_BUGREPORT "kernel@kolivas.org"
| #define PACKAGE_URL ""
| #define PACKAGE "cgminer"
| #define VERSION "4.9.2"
| #define STDC_HEADERS 1
| #define HAVE_SYS_TYPES_H 1
| #define HAVE_SYS_STAT_H 1
| #define HAVE_STDLIB_H 1
| #define HAVE_STRING_H 1
| #define HAVE_MEMORY_H 1
| #define HAVE_STRINGS_H 1
| #define HAVE_INTTYPES_H 1
| #define HAVE_STDINT_H 1
| #define HAVE_UNISTD_H 1
| #define __EXTENSIONS__ 1
| #define _ALL_SOURCE 1
| #define _GNU_SOURCE 1
| #define _POSIX_PTHREAD_SEMANTICS 1
| #define _TANDEM_SOURCE 1
| #define CGMINER_MAJOR_VERSION 4
| #define CGMINER_MINOR_VERSION 9
| #define CGMINER_MINOR_SUBVERSION 2
| #define HAVE_SYS_MMAN_H 1
| #define HAVE_WCHAR_H 1
| #define HAVE_STDINT_H 1
| #define HAVE_MPROTECT 1
| #define HAVE_SIGACTION 1
| #define HAVE_SIGALTSTACK 1
| #define HAVE_SIGINTERRUPT 1
| #define HAVE_MAP_ANONYMOUS 1
| #define HAVE_DECL_MEMMEM 1
| #define HAVE_MEMMEM 1
| #define restrict __restrict
| #define HAVE_WCHAR_T 1
| #define HAVE_UNSIGNED_LONG_LONG_INT 1
| #define HAVE_LONG_LONG_INT 1
| #define HAVE_RAW_DECL_MEMMEM 1
| #define HAVE_RAW_DECL_MEMPCPY 1
| #define HAVE_RAW_DECL_MEMRCHR 1
| #define HAVE_RAW_DECL_RAWMEMCHR 1
| #define HAVE_RAW_DECL_STPCPY 1
| #define HAVE_RAW_DECL_STPNCPY 1
| #define HAVE_RAW_DECL_STRCHRNUL 1
| #define HAVE_RAW_DECL_STRDUP 1
| #define HAVE_RAW_DECL_STRNCAT 1
| #define HAVE_RAW_DECL_STRNDUP 1
| #define HAVE_RAW_DECL_STRNLEN 1
| #define HAVE_RAW_DECL_STRPBRK 1
| #define HAVE_RAW_DECL_STRSEP 1
| #define HAVE_RAW_DECL_STRCASESTR 1
| #define HAVE_RAW_DECL_STRTOK_R 1
| #define HAVE_RAW_DECL_STRERROR_R 1
| #define HAVE_RAW_DECL_STRSIGNAL 1
| #define HAVE_RAW_DECL_STRVERSCMP 1
| #define GNULIB_TEST_MEMCHR 1
| #define HAVE_MEMMEM 1
| #define GNULIB_TEST_MEMMEM 1
| #define HAVE_STRUCT_SIGACTION_SA_SIGACTION 1
| #define GNULIB_TEST_SIGACTION 1
| #define HAVE_RAW_DECL_SIGACTION 1
| #define HAVE_RAW_DECL_SIGADDSET 1
| #define HAVE_RAW_DECL_SIGDELSET 1
| #define HAVE_RAW_DECL_SIGEMPTYSET 1
| #define HAVE_RAW_DECL_SIGFILLSET 1
| #define HAVE_RAW_DECL_SIGISMEMBER 1
| #define HAVE_RAW_DECL_SIGPENDING 1
| #define HAVE_RAW_DECL_SIGPROCMASK 1
| #define GNULIB_TEST_SIGPROCMASK 1
| #define STDC_HEADERS 1
| #define HAVE_SYSLOG_H 1
| #define HAVE_ALLOCA_H 1
| #define HAVE_ALLOCA 1
| #define HAVE_LIBPTHREAD 1
| #define USE_BITMINE_D12S 1
| /* end confdefs.h.  */
| 
| /* Override any GCC internal prototype to avoid an error.
|    Use char because int might match the return type of a GCC
|    builtin and then its argument prototype would still apply.  */
| #ifdef __cplusplus
| extern "C"
| #endif
| char addstr ();
| int
| main ()
| {
| return addstr ();
|   ;
|   return 0;
| }
configure:9693: result: no
configure:9710: WARNING: Could not find curses library - if you want a TUI, install libncurses-dev or pdcurses-dev
configure:10171: checking for arm-linux-gnueabihf-pkg-config
configure:10204: result: no
configure:10214: checking for pkg-config
configure:10232: found /usr/bin/pkg-config
configure:10244: result: /usr/bin/pkg-config
configure:10256: WARNING: using cross tools not prefixed with host triplet
configure:10269: checking pkg-config is at least version 0.9.0
configure:10272: result: yes
configure:10699: arm-linux-gnueabihf-gcc -c -g -O2  conftest.c >&5
conftest.c:82:26: fatal error: process.h: No such file or directory
compilation terminated.
configure:10699: $? = 1
configure: failed program was:
| /* confdefs.h */
| #define PACKAGE_NAME "cgminer"
| #define PACKAGE_TARNAME "cgminer"
| #define PACKAGE_VERSION "4.9.2"
| #define PACKAGE_STRING "cgminer 4.9.2"
| #define PACKAGE_BUGREPORT "kernel@kolivas.org"
| #define PACKAGE_URL ""
| #define PACKAGE "cgminer"
| #define VERSION "4.9.2"
| #define STDC_HEADERS 1
| #define HAVE_SYS_TYPES_H 1
| #define HAVE_SYS_STAT_H 1
| #define HAVE_STDLIB_H 1
| #define HAVE_STRING_H 1
| #define HAVE_MEMORY_H 1
| #define HAVE_STRINGS_H 1
| #define HAVE_INTTYPES_H 1
| #define HAVE_STDINT_H 1
| #define HAVE_UNISTD_H 1
| #define __EXTENSIONS__ 1
| #define _ALL_SOURCE 1
| #define _GNU_SOURCE 1
| #define _POSIX_PTHREAD_SEMANTICS 1
| #define _TANDEM_SOURCE 1
| #define CGMINER_MAJOR_VERSION 4
| #define CGMINER_MINOR_VERSION 9
| #define CGMINER_MINOR_SUBVERSION 2
| #define HAVE_SYS_MMAN_H 1
| #define HAVE_WCHAR_H 1
| #define HAVE_STDINT_H 1
| #define HAVE_MPROTECT 1
| #define HAVE_SIGACTION 1
| #define HAVE_SIGALTSTACK 1
| #define HAVE_SIGINTERRUPT 1
| #define HAVE_MAP_ANONYMOUS 1
| #define HAVE_DECL_MEMMEM 1
| #define HAVE_MEMMEM 1
| #define restrict __restrict
| #define HAVE_WCHAR_T 1
| #define HAVE_UNSIGNED_LONG_LONG_INT 1
| #define HAVE_LONG_LONG_INT 1
| #define HAVE_RAW_DECL_MEMMEM 1
| #define HAVE_RAW_DECL_MEMPCPY 1
| #define HAVE_RAW_DECL_MEMRCHR 1
| #define HAVE_RAW_DECL_RAWMEMCHR 1
| #define HAVE_RAW_DECL_STPCPY 1
| #define HAVE_RAW_DECL_STPNCPY 1
| #define HAVE_RAW_DECL_STRCHRNUL 1
| #define HAVE_RAW_DECL_STRDUP 1
| #define HAVE_RAW_DECL_STRNCAT 1
| #define HAVE_RAW_DECL_STRNDUP 1
| #define HAVE_RAW_DECL_STRNLEN 1
| #define HAVE_RAW_DECL_STRPBRK 1
| #define HAVE_RAW_DECL_STRSEP 1
| #define HAVE_RAW_DECL_STRCASESTR 1
| #define HAVE_RAW_DECL_STRTOK_R 1
| #define HAVE_RAW_DECL_STRERROR_R 1
| #define HAVE_RAW_DECL_STRSIGNAL 1
| #define HAVE_RAW_DECL_STRVERSCMP 1
| #define GNULIB_TEST_MEMCHR 1
| #define HAVE_MEMMEM 1
| #define GNULIB_TEST_MEMMEM 1
| #define HAVE_STRUCT_SIGACTION_SA_SIGACTION 1
| #define GNULIB_TEST_SIGACTION 1
| #define HAVE_RAW_DECL_SIGACTION 1
| #define HAVE_RAW_DECL_SIGADDSET 1
| #define HAVE_RAW_DECL_SIGDELSET 1
| #define HAVE_RAW_DECL_SIGEMPTYSET 1
| #define HAVE_RAW_DECL_SIGFILLSET 1
| #define HAVE_RAW_DECL_SIGISMEMBER 1
| #define HAVE_RAW_DECL_SIGPENDING 1
| #define HAVE_RAW_DECL_SIGPROCMASK 1
| #define GNULIB_TEST_SIGPROCMASK 1
| #define STDC_HEADERS 1
| #define HAVE_SYSLOG_H 1
| #define HAVE_ALLOCA_H 1
| #define HAVE_ALLOCA 1
| #define HAVE_LIBPTHREAD 1
| #define USE_BITMINE_D12S 1
| /* end confdefs.h.  */
| 
| 		   #include <process.h>
| 		   int execv(const char*, const char*const*);
| 
configure:10717: arm-linux-gnueabihf-gcc -c -g -O2  conftest.c >&5
configure:10717: $? = 0
configure:10727: arm-linux-gnueabihf-gcc -c -g -O2  conftest.c >&5
configure:10727: $? = 0
configure:10737: arm-linux-gnueabihf-gcc -c -g -O2  conftest.c >&5
conftest.c: In function 'cleanup':
conftest.c:84:55: warning: implicit declaration of function 'exit' [-Wimplicit-function-declaration]
 static void __attribute__((noreturn)) cleanup(void) { exit(1); }
                                                       ^
conftest.c:84:55: warning: incompatible implicit declaration of built-in function 'exit'
conftest.c:84:55: note: include '<stdlib.h>' or provide a declaration of 'exit'
configure:10737: $? = 0
configure:10747: arm-linux-gnueabihf-gcc -c -g -O2  conftest.c >&5
configure:10747: $? = 0
configure:10757: arm-linux-gnueabihf-gcc -c -g -O2  conftest.c >&5
configure:10757: $? = 0
configure:10767: arm-linux-gnueabihf-gcc -c -g -O2  conftest.c >&5
configure:10767: $? = 0
configure:10777: arm-linux-gnueabihf-gcc -o conftest -g -O2   conftest.c -lpthread  >&5
configure:10777: $? = 0
configure:10788: arm-linux-gnueabihf-gcc -o conftest -g -O2   conftest.c -lpthread  >&5
configure:10788: $? = 0
configure:10799: arm-linux-gnueabihf-gcc -c -g -O2  conftest.c >&5
configure:10799: $? = 0
configure:10938: checking that generated files are newer than configure
configure:10944: result: done
configure:11155: creating ./config.status

## ---------------------- ##
## Running config.status. ##
## ---------------------- ##

This file was extended by cgminer config.status 4.9.2, which was
generated by GNU Autoconf 2.69.  Invocation command line was

  CONFIG_FILES    = 
  CONFIG_HEADERS  = 
  CONFIG_LINKS    = 
  CONFIG_COMMANDS = 
  $ ./config.status 

on zju-XPS-8930

config.status:1165: creating Makefile
config.status:1165: creating compat/Makefile
config.status:1165: creating ccan/Makefile
config.status:1165: creating lib/Makefile
config.status:1165: creating config.h
config.status:1346: config.h is unchanged
config.status:1394: executing depfiles commands
configure:12540: === configuring in compat/jansson-2.6 (/home/zju/devDir/native/cgminer/compat/jansson-2.6)
configure:12603: running /bin/bash ./configure --disable-option-checking '--prefix=/usr/local'  '--enable-bitmine_D12S' '--disable-libcurl' '--host=arm-linux-gnueabihf' 'host_alias=arm-linux-gnueabihf' --cache-file=/dev/null --srcdir=.

## ---------------- ##
## Cache variables. ##
## ---------------- ##

ac_cv_build=x86_64-unknown-linux-gnu
ac_cv_c_compiler_gnu=yes
ac_cv_c_inline=inline
ac_cv_c_restrict=__restrict
ac_cv_env_CC_set=
ac_cv_env_CC_value=
ac_cv_env_CFLAGS_set=
ac_cv_env_CFLAGS_value=
ac_cv_env_CPPFLAGS_set=
ac_cv_env_CPPFLAGS_value=
ac_cv_env_CPP_set=
ac_cv_env_CPP_value=
ac_cv_env_JANSSON_CFLAGS_set=
ac_cv_env_JANSSON_CFLAGS_value=
ac_cv_env_JANSSON_LIBS_set=
ac_cv_env_JANSSON_LIBS_value=
ac_cv_env_LDFLAGS_set=
ac_cv_env_LDFLAGS_value=
ac_cv_env_LIBCURL_CFLAGS_set=
ac_cv_env_LIBCURL_CFLAGS_value=
ac_cv_env_LIBCURL_LIBS_set=
ac_cv_env_LIBCURL_LIBS_value=
ac_cv_env_LIBSYSTEMD_CFLAGS_set=
ac_cv_env_LIBSYSTEMD_CFLAGS_value=
ac_cv_env_LIBSYSTEMD_LIBS_set=
ac_cv_env_LIBSYSTEMD_LIBS_value=
ac_cv_env_LIBS_set=
ac_cv_env_LIBS_value=
ac_cv_env_LIBUSB_CFLAGS_set=
ac_cv_env_LIBUSB_CFLAGS_value=
ac_cv_env_LIBUSB_LIBS_set=
ac_cv_env_LIBUSB_LIBS_value=
ac_cv_env_PKG_CONFIG_LIBDIR_set=
ac_cv_env_PKG_CONFIG_LIBDIR_value=
ac_cv_env_PKG_CONFIG_PATH_set=
ac_cv_env_PKG_CONFIG_PATH_value=
ac_cv_env_PKG_CONFIG_set=
ac_cv_env_PKG_CONFIG_value=
ac_cv_env_build_alias_set=
ac_cv_env_build_alias_value=
ac_cv_env_host_alias_set=set
ac_cv_env_host_alias_value=arm-linux-gnueabihf
ac_cv_env_target_alias_set=
ac_cv_env_target_alias_value=
ac_cv_func_alloca_works=yes
ac_cv_func_memmem=yes
ac_cv_func_mmap=yes
ac_cv_func_mprotect=yes
ac_cv_func_sigaction=yes
ac_cv_func_sigaltstack=yes
ac_cv_func_siginterrupt=yes
ac_cv_func_sigprocmask=yes
ac_cv_have_decl_memmem=yes
ac_cv_have_decl_mempcpy=yes
ac_cv_have_decl_memrchr=yes
ac_cv_have_decl_rawmemchr=yes
ac_cv_have_decl_sigaction=yes
ac_cv_have_decl_sigaddset=yes
ac_cv_have_decl_sigdelset=yes
ac_cv_have_decl_sigemptyset=yes
ac_cv_have_decl_sigfillset=yes
ac_cv_have_decl_sigismember=yes
ac_cv_have_decl_sigpending=yes
ac_cv_have_decl_sigprocmask=yes
ac_cv_have_decl_stpcpy=yes
ac_cv_have_decl_stpncpy=yes
ac_cv_have_decl_strcasestr=yes
ac_cv_have_decl_strchrnul=yes
ac_cv_have_decl_strdup=yes
ac_cv_have_decl_strerror_r=yes
ac_cv_have_decl_strncat=yes
ac_cv_have_decl_strndup=yes
ac_cv_have_decl_strnlen=yes
ac_cv_have_decl_strpbrk=yes
ac_cv_have_decl_strsep=yes
ac_cv_have_decl_strsignal=yes
ac_cv_have_decl_strtok_r=yes
ac_cv_have_decl_strverscmp=yes
ac_cv_header_bp_sym_h=no
ac_cv_header_inttypes_h=yes
ac_cv_header_memory_h=yes
ac_cv_header_minix_config_h=no
ac_cv_header_stdc=yes
ac_cv_header_stdint_h=yes
ac_cv_header_stdlib_h=yes
ac_cv_header_string_h=yes
ac_cv_header_strings_h=yes
ac_cv_header_sys_mman_h=yes
ac_cv_header_sys_stat_h=yes
ac_cv_header_sys_types_h=yes
ac_cv_header_syslog_h=yes
ac_cv_header_unistd_h=yes
ac_cv_header_wchar_h=yes
ac_cv_host=arm-unknown-linux-gnueabihf
ac_cv_lib_pthread_pthread_create=yes
ac_cv_member_struct_sigaction_sa_sigaction=yes
ac_cv_objext=o
ac_cv_path_EGREP='/bin/grep -E'
ac_cv_path_GREP=/bin/grep
ac_cv_path_ac_pt_PKG_CONFIG=/usr/bin/pkg-config
ac_cv_path_install='/usr/bin/install -c'
ac_cv_path_mkdir=/bin/mkdir
ac_cv_prog_AWK=mawk
ac_cv_prog_CC=arm-linux-gnueabihf-gcc
ac_cv_prog_CPP='arm-linux-gnueabihf-gcc -E'
ac_cv_prog_RANLIB=arm-linux-gnueabihf-ranlib
ac_cv_prog_STRIP=arm-linux-gnueabihf-strip
ac_cv_prog_cc_c89=
ac_cv_prog_cc_g=yes
ac_cv_prog_gcc_traditional=no
ac_cv_prog_make_make_set=yes
ac_cv_safe_to_define___extensions__=yes
ac_cv_search_addstr=no
ac_cv_target=arm-unknown-linux-gnueabihf
ac_cv_type_long_long_int=yes
ac_cv_type_sighandler_t=yes
ac_cv_type_size_t=yes
ac_cv_type_uid_t=yes
ac_cv_type_unsigned_long_long_int=yes
ac_cv_type_volatile_sig_atomic_t=yes
ac_cv_working_alloca_h=yes
am_cv_CC_dependencies_compiler_type=gcc3
am_cv_make_support_nested_variables=yes
am_cv_prog_cc_c_o=yes
gl_cv_c_multiarch=no
gl_cv_decl_null_works=yes
gl_cv_func_memchr_works='guessing no'
gl_cv_func_memmem_works_always=yes
gl_cv_func_memmem_works_fast=yes
gl_cv_func_sigprocmask=1
gl_cv_have_include_next=yes
gl_cv_have_raw_decl_memmem=yes
gl_cv_have_raw_decl_mempcpy=yes
gl_cv_have_raw_decl_memrchr=yes
gl_cv_have_raw_decl_rawmemchr=yes
gl_cv_have_raw_decl_sigaction=yes
gl_cv_have_raw_decl_sigaddset=yes
gl_cv_have_raw_decl_sigdelset=yes
gl_cv_have_raw_decl_sigemptyset=yes
gl_cv_have_raw_decl_sigfillset=yes
gl_cv_have_raw_decl_sigismember=yes
gl_cv_have_raw_decl_sigpending=yes
gl_cv_have_raw_decl_sigprocmask=yes
gl_cv_have_raw_decl_stpcpy=yes
gl_cv_have_raw_decl_stpncpy=yes
gl_cv_have_raw_decl_strcasestr=yes
gl_cv_have_raw_decl_strchrnul=yes
gl_cv_have_raw_decl_strdup=yes
gl_cv_have_raw_decl_strerror_r=yes
gl_cv_have_raw_decl_strncat=yes
gl_cv_have_raw_decl_strndup=yes
gl_cv_have_raw_decl_strnlen=yes
gl_cv_have_raw_decl_strpbrk=yes
gl_cv_have_raw_decl_strsep=yes
gl_cv_have_raw_decl_strsignal=yes
gl_cv_have_raw_decl_strtok_r=yes
gl_cv_have_raw_decl_strverscmp=yes
gl_cv_header_working_stdint_h=yes
gl_cv_next_signal_h='<signal.h>'
gl_cv_next_stdint_h='<stdint.h>'
gl_cv_next_string_h='<string.h>'
gl_cv_pragma_columns=no
gt_cv_c_wchar_t=yes

## ----------------- ##
## Output variables. ##
## ----------------- ##

ACLOCAL='${SHELL} /home/zju/devDir/native/cgminer/missing aclocal-1.14'
ALLOCA=''
AMDEPBACKSLASH='\'
AMDEP_FALSE='#'
AMDEP_TRUE=''
AMTAR='$${TAR-tar}'
AM_BACKSLASH='\'
AM_DEFAULT_V='$(AM_DEFAULT_VERBOSITY)'
AM_DEFAULT_VERBOSITY='0'
AM_V='$(V)'
APPLE_UNIVERSAL_BUILD='0'
AUTOCONF='${SHELL} /home/zju/devDir/native/cgminer/missing autoconf'
AUTOHEADER='${SHELL} /home/zju/devDir/native/cgminer/missing autoheader'
AUTOMAKE='${SHELL} /home/zju/devDir/native/cgminer/missing automake-1.14'
AWK='mawk'
BITSIZEOF_PTRDIFF_T=''
BITSIZEOF_SIG_ATOMIC_T=''
BITSIZEOF_SIZE_T=''
BITSIZEOF_WCHAR_T=''
BITSIZEOF_WINT_T=''
CC='arm-linux-gnueabihf-gcc'
CCDEPMODE='depmode=gcc3'
CFLAGS='-g -O2'
CPP='arm-linux-gnueabihf-gcc -E'
CPPFLAGS=''
CYGPATH_W='echo'
DEFS='-DHAVE_CONFIG_H'
DEPDIR='.deps'
DLOPEN_FLAGS='-ldl'
ECHO_C=''
ECHO_N='-n'
ECHO_T=''
EGREP='/bin/grep -E'
EXEEXT=''
GL_COND_LIBTOOL_FALSE=''
GL_COND_LIBTOOL_TRUE='#'
GL_GENERATE_STDDEF_H_FALSE=''
GL_GENERATE_STDDEF_H_TRUE='#'
GL_GENERATE_STDINT_H_FALSE=''
GL_GENERATE_STDINT_H_TRUE='#'
GNULIB_MBSCASECMP='0'
GNULIB_MBSCASESTR='0'
GNULIB_MBSCHR='0'
GNULIB_MBSCSPN='0'
GNULIB_MBSLEN='0'
GNULIB_MBSNCASECMP='0'
GNULIB_MBSNLEN='0'
GNULIB_MBSPBRK='0'
GNULIB_MBSPCASECMP='0'
GNULIB_MBSRCHR='0'
GNULIB_MBSSEP='0'
GNULIB_MBSSPN='0'
GNULIB_MBSSTR='0'
GNULIB_MBSTOK_R='0'
GNULIB_MEMCHR='1'
GNULIB_MEMMEM='1'
GNULIB_MEMPCPY='0'
GNULIB_MEMRCHR='0'
GNULIB_RAWMEMCHR='0'
GNULIB_SIGACTION='1'
GNULIB_SIGNAL_H_SIGPIPE='0'
GNULIB_SIGPROCMASK='1'
GNULIB_STPCPY='0'
GNULIB_STPNCPY='0'
GNULIB_STRCASESTR='0'
GNULIB_STRCHRNUL='0'
GNULIB_STRDUP='0'
GNULIB_STRERROR='0'
GNULIB_STRERROR_R='0'
GNULIB_STRNCAT='0'
GNULIB_STRNDUP='0'
GNULIB_STRNLEN='0'
GNULIB_STRPBRK='0'
GNULIB_STRSEP='0'
GNULIB_STRSIGNAL='0'
GNULIB_STRSTR='0'
GNULIB_STRTOK_R='0'
GNULIB_STRVERSCMP='0'
GREP='/bin/grep'
HAS_ANT_S1_FALSE=''
HAS_ANT_S1_TRUE='#'
HAS_ANT_S2_FALSE=''
HAS_ANT_S2_TRUE='#'
HAS_ANT_S3_FALSE=''
HAS_ANT_S3_TRUE='#'
HAS_AVALON2_FALSE=''
HAS_AVALON2_TRUE='#'
HAS_AVALON4_FALSE=''
HAS_AVALON4_TRUE='#'
HAS_AVALON_FALSE=''
HAS_AVALON_TRUE='#'
HAS_BAB_FALSE=''
HAS_BAB_TRUE='#'
HAS_BFLSC_FALSE=''
HAS_BFLSC_TRUE='#'
HAS_BITFORCE_FALSE=''
HAS_BITFORCE_TRUE='#'
HAS_BITFURY_FALSE=''
HAS_BITFURY_TRUE='#'
HAS_BITMINE_A1_FALSE=''
HAS_BITMINE_A1_TRUE='#'
HAS_BITMINE_D12S_FALSE='#'
HAS_BITMINE_D12S_TRUE=''
HAS_BITMINE_D12_FALSE=''
HAS_BITMINE_D12_TRUE='#'
HAS_BLOCKERUPTER_FALSE=''
HAS_BLOCKERUPTER_TRUE='#'
HAS_COINTERRA_FALSE=''
HAS_COINTERRA_TRUE='#'
HAS_DRILLBIT_FALSE=''
HAS_DRILLBIT_TRUE='#'
HAS_HASHFAST_FALSE=''
HAS_HASHFAST_TRUE='#'
HAS_HASHRATIO_FALSE=''
HAS_HASHRATIO_TRUE='#'
HAS_ICARUS_FALSE=''
HAS_ICARUS_TRUE='#'
HAS_KLONDIKE_FALSE=''
HAS_KLONDIKE_TRUE='#'
HAS_KNC_FALSE=''
HAS_KNC_TRUE='#'
HAS_MINION_FALSE=''
HAS_MINION_TRUE='#'
HAS_MODMINER_FALSE=''
HAS_MODMINER_TRUE='#'
HAS_SP10_FALSE=''
HAS_SP10_TRUE='#'
HAS_SP30_FALSE=''
HAS_SP30_TRUE='#'
HAVE_CURSES_FALSE=''
HAVE_CURSES_TRUE='#'
HAVE_DECL_MEMMEM='1'
HAVE_DECL_MEMRCHR='1'
HAVE_DECL_STRDUP='1'
HAVE_DECL_STRERROR_R='1'
HAVE_DECL_STRNDUP='1'
HAVE_DECL_STRNLEN='1'
HAVE_DECL_STRSIGNAL='1'
HAVE_DECL_STRTOK_R='1'
HAVE_INTTYPES_H='1'
HAVE_LONG_LONG_INT='1'
HAVE_MBSLEN='0'
HAVE_MEMCHR='1'
HAVE_MEMPCPY='1'
HAVE_POSIX_SIGNALBLOCKING='1'
HAVE_RAWMEMCHR='1'
HAVE_SIGACTION='1'
HAVE_SIGHANDLER_T='1'
HAVE_SIGINFO_T='1'
HAVE_SIGNED_SIG_ATOMIC_T=''
HAVE_SIGNED_WCHAR_T=''
HAVE_SIGNED_WINT_T=''
HAVE_SIGSET_T='1'
HAVE_STDINT_H='1'
HAVE_STPCPY='1'
HAVE_STPNCPY='1'
HAVE_STRCASESTR='1'
HAVE_STRCHRNUL='1'
HAVE_STRPBRK='1'
HAVE_STRSEP='1'
HAVE_STRUCT_SIGACTION_SA_SIGACTION='1'
HAVE_STRVERSCMP='1'
HAVE_SYS_BITYPES_H=''
HAVE_SYS_INTTYPES_H=''
HAVE_SYS_TYPES_H='1'
HAVE_TYPE_VOLATILE_SIG_ATOMIC_T='1'
HAVE_UNSIGNED_LONG_LONG_INT='1'
HAVE_WCHAR_H='1'
HAVE_WCHAR_T='1'
HAVE_WINDOWS_FALSE=''
HAVE_WINDOWS_TRUE='#'
HAVE_x86_64_FALSE=''
HAVE_x86_64_TRUE='#'
INCLUDE_NEXT='include_next'
INCLUDE_NEXT_AS_FIRST_DIRECTIVE='include_next'
INSTALL_DATA='${INSTALL} -m 644'
INSTALL_PROGRAM='${INSTALL}'
INSTALL_SCRIPT='${INSTALL}'
INSTALL_STRIP_PROGRAM='$(install_sh) -c -s'
JANSSON_CFLAGS=''
JANSSON_LIBS='compat/jansson-2.6/src/.libs/libjansson.a'
LDFLAGS=''
LIBCURL_CFLAGS=''
LIBCURL_LIBS=''
LIBGNU_LIBDEPS=''
LIBGNU_LTLIBDEPS=''
LIBOBJS=''
LIBS='-lpthread '
LIBSYSTEMD_CFLAGS=''
LIBSYSTEMD_LIBS=''
LIBUSB_CFLAGS=''
LIBUSB_LIBS=''
LTLIBOBJS=''
MAINT='#'
MAINTAINER_MODE_FALSE=''
MAINTAINER_MODE_TRUE='#'
MAKEINFO='${SHELL} /home/zju/devDir/native/cgminer/missing makeinfo'
MATH_LIBS='-lm'
MKDIR_P='/bin/mkdir -p'
MM_LIBS=''
NCURSES_LIBS=''
NEED_FPGAUTILS_FALSE=''
NEED_FPGAUTILS_TRUE='#'
NEXT_AS_FIRST_DIRECTIVE_SIGNAL_H='<signal.h>'
NEXT_AS_FIRST_DIRECTIVE_STDDEF_H=''
NEXT_AS_FIRST_DIRECTIVE_STDINT_H='<stdint.h>'
NEXT_AS_FIRST_DIRECTIVE_STRING_H='<string.h>'
NEXT_SIGNAL_H='<signal.h>'
NEXT_STDDEF_H=''
NEXT_STDINT_H='<stdint.h>'
NEXT_STRING_H='<string.h>'
OBJEXT='o'
PACKAGE='cgminer'
PACKAGE_BUGREPORT='kernel@kolivas.org'
PACKAGE_NAME='cgminer'
PACKAGE_STRING='cgminer 4.9.2'
PACKAGE_TARNAME='cgminer'
PACKAGE_URL=''
PACKAGE_VERSION='4.9.2'
PATH_SEPARATOR=':'
PDCURSES_LIBS=''
PKG_CONFIG='/usr/bin/pkg-config'
PKG_CONFIG_LIBDIR=''
PKG_CONFIG_PATH=''
PRAGMA_COLUMNS=''
PRAGMA_SYSTEM_HEADER='#pragma GCC system_header'
PTHREAD_FLAGS='-lpthread'
PTHREAD_LIBS='-lpthread'
PTRDIFF_T_SUFFIX=''
RANLIB='arm-linux-gnueabihf-ranlib'
REPLACE_MEMCHR='1'
REPLACE_MEMMEM='0'
REPLACE_NULL='0'
REPLACE_STPNCPY='0'
REPLACE_STRCASESTR='0'
REPLACE_STRCHRNUL='0'
REPLACE_STRDUP='0'
REPLACE_STRERROR='0'
REPLACE_STRERROR_R='0'
REPLACE_STRNCAT='0'
REPLACE_STRNDUP='0'
REPLACE_STRNLEN='0'
REPLACE_STRSIGNAL='0'
REPLACE_STRSTR='0'
REPLACE_STRTOK_R='0'
RT_LIBS='-lrt'
SET_MAKE=''
SHELL='/bin/bash'
SIG_ATOMIC_T_SUFFIX=''
SIZE_T_SUFFIX=''
STDDEF_H=''
STDINT_H=''
STRIP='arm-linux-gnueabihf-strip'
UNDEFINE_STRTOK_R='0'
VERSION='4.9.2'
VMAJ='4'
WANT_CRC16_FALSE=''
WANT_CRC16_TRUE='#'
WANT_LIBBITFURY_FALSE=''
WANT_LIBBITFURY_TRUE='#'
WANT_STATIC_JANSSON_FALSE='#'
WANT_STATIC_JANSSON_TRUE=''
WANT_STATIC_LIBUSB_FALSE=''
WANT_STATIC_LIBUSB_TRUE='#'
WANT_USBUTILS_FALSE=''
WANT_USBUTILS_TRUE='#'
WCHAR_T_SUFFIX=''
WINT_T_SUFFIX=''
WS2_LIBS=''
ac_ct_CC=''
am__EXEEXT_FALSE=''
am__EXEEXT_TRUE='#'
am__fastdepCC_FALSE='#'
am__fastdepCC_TRUE=''
am__include='include'
am__isrc=''
am__leading_dot='.'
am__nodep='_no'
am__quote=''
am__tar='$${TAR-tar} chof - "$$tardir"'
am__untar='$${TAR-tar} xf -'
bindir='${exec_prefix}/bin'
build='x86_64-unknown-linux-gnu'
build_alias=''
build_cpu='x86_64'
build_os='linux-gnu'
build_vendor='unknown'
datadir='${datarootdir}'
datarootdir='${prefix}/share'
docdir='${datarootdir}/doc/${PACKAGE_TARNAME}'
dvidir='${docdir}'
exec_prefix='${prefix}'
gl_LIBOBJS=' memchr.o'
gl_LTLIBOBJS=' memchr.lo'
gltests_LIBOBJS=''
gltests_LTLIBOBJS=''
gltests_WITNESS='IN_CGMINER_GNULIB_TESTS'
host='arm-unknown-linux-gnueabihf'
host_alias='arm-linux-gnueabihf'
host_cpu='arm'
host_os='linux-gnueabihf'
host_vendor='unknown'
htmldir='${docdir}'
includedir='${prefix}/include'
infodir='${datarootdir}/info'
install_sh='${SHELL} /home/zju/devDir/native/cgminer/install-sh'
libdir='${exec_prefix}/lib'
libexecdir='${exec_prefix}/libexec'
localedir='${datarootdir}/locale'
localstatedir='${prefix}/var'
mandir='${datarootdir}/man'
mkdir_p='$(MKDIR_P)'
oldincludedir='/usr/include'
pdfdir='${docdir}'
prefix='/usr/local'
program_transform_name='s,x,x,'
psdir='${docdir}'
release_info=''
sbindir='${exec_prefix}/sbin'
sharedstatedir='${prefix}/com'
subdirs=' compat/jansson-2.6'
sysconfdir='${prefix}/etc'
target='arm-unknown-linux-gnueabihf'
target_alias=''
target_cpu='arm'
target_os='linux-gnueabihf'
target_vendor='unknown'
version_info='13:2:9'

## ----------- ##
## confdefs.h. ##
## ----------- ##

/* confdefs.h */
#define PACKAGE_NAME "cgminer"
#define PACKAGE_TARNAME "cgminer"
#define PACKAGE_VERSION "4.9.2"
#define PACKAGE_STRING "cgminer 4.9.2"
#define PACKAGE_BUGREPORT "kernel@kolivas.org"
#define PACKAGE_URL ""
#define PACKAGE "cgminer"
#define VERSION "4.9.2"
#define STDC_HEADERS 1
#define HAVE_SYS_TYPES_H 1
#define HAVE_SYS_STAT_H 1
#define HAVE_STDLIB_H 1
#define HAVE_STRING_H 1
#define HAVE_MEMORY_H 1
#define HAVE_STRINGS_H 1
#define HAVE_INTTYPES_H 1
#define HAVE_STDINT_H 1
#define HAVE_UNISTD_H 1
#define __EXTENSIONS__ 1
#define _ALL_SOURCE 1
#define _GNU_SOURCE 1
#define _POSIX_PTHREAD_SEMANTICS 1
#define _TANDEM_SOURCE 1
#define CGMINER_MAJOR_VERSION 4
#define CGMINER_MINOR_VERSION 9
#define CGMINER_MINOR_SUBVERSION 2
#define HAVE_SYS_MMAN_H 1
#define HAVE_WCHAR_H 1
#define HAVE_STDINT_H 1
#define HAVE_MPROTECT 1
#define HAVE_SIGACTION 1
#define HAVE_SIGALTSTACK 1
#define HAVE_SIGINTERRUPT 1
#define HAVE_MAP_ANONYMOUS 1
#define HAVE_DECL_MEMMEM 1
#define HAVE_MEMMEM 1
#define restrict __restrict
#define HAVE_WCHAR_T 1
#define HAVE_UNSIGNED_LONG_LONG_INT 1
#define HAVE_LONG_LONG_INT 1
#define HAVE_RAW_DECL_MEMMEM 1
#define HAVE_RAW_DECL_MEMPCPY 1
#define HAVE_RAW_DECL_MEMRCHR 1
#define HAVE_RAW_DECL_RAWMEMCHR 1
#define HAVE_RAW_DECL_STPCPY 1
#define HAVE_RAW_DECL_STPNCPY 1
#define HAVE_RAW_DECL_STRCHRNUL 1
#define HAVE_RAW_DECL_STRDUP 1
#define HAVE_RAW_DECL_STRNCAT 1
#define HAVE_RAW_DECL_STRNDUP 1
#define HAVE_RAW_DECL_STRNLEN 1
#define HAVE_RAW_DECL_STRPBRK 1
#define HAVE_RAW_DECL_STRSEP 1
#define HAVE_RAW_DECL_STRCASESTR 1
#define HAVE_RAW_DECL_STRTOK_R 1
#define HAVE_RAW_DECL_STRERROR_R 1
#define HAVE_RAW_DECL_STRSIGNAL 1
#define HAVE_RAW_DECL_STRVERSCMP 1
#define GNULIB_TEST_MEMCHR 1
#define HAVE_MEMMEM 1
#define GNULIB_TEST_MEMMEM 1
#define HAVE_STRUCT_SIGACTION_SA_SIGACTION 1
#define GNULIB_TEST_SIGACTION 1
#define HAVE_RAW_DECL_SIGACTION 1
#define HAVE_RAW_DECL_SIGADDSET 1
#define HAVE_RAW_DECL_SIGDELSET 1
#define HAVE_RAW_DECL_SIGEMPTYSET 1
#define HAVE_RAW_DECL_SIGFILLSET 1
#define HAVE_RAW_DECL_SIGISMEMBER 1
#define HAVE_RAW_DECL_SIGPENDING 1
#define HAVE_RAW_DECL_SIGPROCMASK 1
#define GNULIB_TEST_SIGPROCMASK 1
#define STDC_HEADERS 1
#define HAVE_SYSLOG_H 1
#define HAVE_ALLOCA_H 1
#define HAVE_ALLOCA 1
#define HAVE_LIBPTHREAD 1
#define USE_BITMINE_D12S 1
#define EXECV_2ND_ARG_TYPE char* const*
#define HAVE_ATTRIBUTE_COLD 1
#define HAVE_ATTRIBUTE_CONST 1
#define HAVE_ATTRIBUTE_NORETURN 1
#define HAVE_ATTRIBUTE_PRINTF 1
#define HAVE_ATTRIBUTE_UNUSED 1
#define HAVE_ATTRIBUTE_USED 1
#define HAVE_BUILTIN_CONSTANT_P 1
#define HAVE_BUILTIN_TYPES_COMPATIBLE_P 1
#define HAVE_WARN_UNUSED_RESULT 1
#define CGMINER_PREFIX "/usr/local/bin"

configure: exit 0
