This file contains any messages produced by compilers while
running configure, to aid debugging if configure makes a mistake.

It was created by jansson configure 2.6, which was
generated by GNU Autoconf 2.69.  Invocation command line was

  $ ./configure --disable-option-checking --prefix=/usr/local --enable-bitmine_D12S --disable-libcurl --host=arm-linux-gnueabihf host_alias=arm-linux-gnueabihf --cache-file=/dev/null --srcdir=.

## --------- ##
## Platform. ##
## --------- ##

hostname = zju-XPS-8930
uname -m = x86_64
uname -r = 4.13.0-38-generic
uname -s = Linux
uname -v = #43~16.04.1-Ubuntu SMP Wed Mar 14 17:48:43 UTC 2018

/usr/bin/uname -p = unknown
/bin/uname -X     = unknown

/bin/arch              = unknown
/usr/bin/arch -k       = unknown
/usr/convex/getsysinfo = unknown
/usr/bin/hostinfo      = unknown
/bin/machine           = unknown
/usr/bin/oslevel       = unknown
/bin/universe          = unknown

PATH: /home/zju/bin
PATH: /home/zju/.local/bin
PATH: /usr/local/sbin
PATH: /usr/local/bin
PATH: /usr/sbin
PATH: /usr/bin
PATH: /sbin
PATH: /bin
PATH: /usr/games
PATH: /usr/local/games
PATH: /snap/bin
PATH: /home/zju/TI335/04-Linux_source/Toolchain/gcc-linaro-5.3-2016.02-x86_64_arm-linux-gnueabihf/bin


## ----------- ##
## Core tests. ##
## ----------- ##

configure:2386: checking for a BSD-compatible install
configure:2454: result: /usr/bin/install -c
configure:2465: checking whether build environment is sane
configure:2520: result: yes
configure:2579: checking for arm-linux-gnueabihf-strip
configure:2595: found /home/zju/TI335/04-Linux_source/Toolchain/gcc-linaro-5.3-2016.02-x86_64_arm-linux-gnueabihf/bin/arm-linux-gnueabihf-strip
configure:2606: result: arm-linux-gnueabihf-strip
configure:2671: checking for a thread-safe mkdir -p
configure:2710: result: /bin/mkdir -p
configure:2717: checking for gawk
configure:2747: result: no
configure:2717: checking for mawk
configure:2733: found /usr/bin/mawk
configure:2744: result: mawk
configure:2755: checking whether make sets $(MAKE)
configure:2777: result: yes
configure:2806: checking whether make supports nested variables
configure:2823: result: yes
configure:2959: checking whether make supports nested variables
configure:2976: result: yes
configure:3001: checking for arm-linux-gnueabihf-gcc
configure:3017: found /home/zju/TI335/04-Linux_source/Toolchain/gcc-linaro-5.3-2016.02-x86_64_arm-linux-gnueabihf/bin/arm-linux-gnueabihf-gcc
configure:3028: result: arm-linux-gnueabihf-gcc
configure:3297: checking for C compiler version
configure:3306: arm-linux-gnueabihf-gcc --version >&5
arm-linux-gnueabihf-gcc (Linaro GCC 5.3-2016.02) 5.3.1 20160113
Copyright (C) 2015 Free Software Foundation, Inc.
This is free software; see the source for copying conditions.  There is NO
warranty; not even for MERCHANTABILITY or FITNESS FOR A PARTICULAR PURPOSE.

configure:3317: $? = 0
configure:3306: arm-linux-gnueabihf-gcc -v >&5
Using built-in specs.
COLLECT_GCC=arm-linux-gnueabihf-gcc
COLLECT_LTO_WRAPPER=/home/zju/TI335/04-Linux_source/Toolchain/gcc-linaro-5.3-2016.02-x86_64_arm-linux-gnueabihf/bin/../libexec/gcc/arm-linux-gnueabihf/5.3.1/lto-wrapper
Target: arm-linux-gnueabihf
Configured with: /home/tcwg-buildslave/workspace/tcwg-make-release/label/tcwg-x86_64-ex40/target/arm-linux-gnueabihf/snapshots/gcc-linaro-5.3-2016.02/configure SHELL=/bin/bash --with-bugurl=https://bugs.linaro.org --with-mpc=/home/tcwg-buildslave/workspace/tcwg-make-release/label/tcwg-x86_64-ex40/target/arm-linux-gnueabihf/_build/builds/destdir/x86_64-unknown-linux-gnu --with-mpfr=/home/tcwg-buildslave/workspace/tcwg-make-release/label/tcwg-x86_64-ex40/target/arm-linux-gnueabihf/_build/builds/destdir/x86_64-unknown-linux-gnu --with-gmp=/home/tcwg-buildslave/workspace/tcwg-make-release/label/tcwg-x86_64-ex40/target/arm-linux-gnueabihf/_build/builds/destdir/x86_64-unknown-linux-gnu --with-gnu-as --with-gnu-ld --disable-libstdcxx-pch --disable-libmudflap --with-cloog=no --with-ppl=no --with-isl=no --disable-nls --enable-c99 --with-tune=cortex-a9 --with-arch=armv7-a --with-fpu=vfpv3-d16 --with-float=hard --with-mode=thumb --disable-multilib --enable-multiarch --with-build-sysroot=/home/tcwg-buildslave/workspace/tcwg-make-release/label/tcwg-x86_64-ex40/target/arm-linux-gnueabihf/_build/sysroots/arm-linux-gnueabihf --enable-lto --enable-linker-build-id --enable-long-long --enable-shared --with-sysroot=/home/tcwg-buildslave/workspace/tcwg-make-release/label/tcwg-x86_64-ex40/target/arm-linux-gnueabihf/_build/builds/destdir/x86_64-unknown-linux-gnu/arm-linux-gnueabihf/libc --enable-languages=c,c++,fortran,lto --enable-checking=release --disable-bootstrap --with-bugurl=https://bugs.linaro.org --build=x86_64-unknown-linux-gnu --host=x86_64-unknown-linux-gnu --target=arm-linux-gnueabihf --prefix=/home/tcwg-buildslave/workspace/tcwg-make-release/label/tcwg-x86_64-ex40/target/arm-linux-gnueabihf/_build/builds/destdir/x86_64-unknown-linux-gnu
Thread model: posix
gcc version 5.3.1 20160113 (Linaro GCC 5.3-2016.02) 
configure:3317: $? = 0
configure:3306: arm-linux-gnueabihf-gcc -V >&5
arm-linux-gnueabihf-gcc: error: unrecognized command line option '-V'
arm-linux-gnueabihf-gcc: fatal error: no input files
compilation terminated.
configure:3317: $? = 1
configure:3306: arm-linux-gnueabihf-gcc -qversion >&5
arm-linux-gnueabihf-gcc: error: unrecognized command line option '-qversion'
arm-linux-gnueabihf-gcc: fatal error: no input files
compilation terminated.
configure:3317: $? = 1
configure:3337: checking whether the C compiler works
configure:3359: arm-linux-gnueabihf-gcc    conftest.c  >&5
configure:3363: $? = 0
configure:3411: result: yes
configure:3414: checking for C compiler default output file name
configure:3416: result: a.out
configure:3422: checking for suffix of executables
configure:3429: arm-linux-gnueabihf-gcc -o conftest    conftest.c  >&5
configure:3433: $? = 0
configure:3455: result: 
configure:3477: checking whether we are cross compiling
configure:3485: arm-linux-gnueabihf-gcc -o conftest    conftest.c  >&5
configure:3489: $? = 0
configure:3496: ./conftest
./configure: line 3498: ./conftest: cannot execute binary file: Exec format error
configure:3500: $? = 126
configure:3515: result: yes
configure:3520: checking for suffix of object files
configure:3542: arm-linux-gnueabihf-gcc -c   conftest.c >&5
configure:3546: $? = 0
configure:3567: result: o
configure:3571: checking whether we are using the GNU C compiler
configure:3590: arm-linux-gnueabihf-gcc -c   conftest.c >&5
configure:3590: $? = 0
configure:3599: result: yes
configure:3608: checking whether arm-linux-gnueabihf-gcc accepts -g
configure:3628: arm-linux-gnueabihf-gcc -c -g  conftest.c >&5
configure:3628: $? = 0
configure:3669: result: yes
configure:3686: checking for arm-linux-gnueabihf-gcc option to accept ISO C89
configure:3749: arm-linux-gnueabihf-gcc  -c -g -O2  conftest.c >&5
configure:3749: $? = 0
configure:3762: result: none needed
configure:3787: checking whether arm-linux-gnueabihf-gcc understands -c and -o together
configure:3809: arm-linux-gnueabihf-gcc -c conftest.c -o conftest2.o
configure:3812: $? = 0
configure:3809: arm-linux-gnueabihf-gcc -c conftest.c -o conftest2.o
configure:3812: $? = 0
configure:3824: result: yes
configure:3852: checking for style of include used by make
configure:3880: result: GNU
configure:3906: checking dependency style of arm-linux-gnueabihf-gcc
configure:4017: result: gcc3
configure:4061: checking build system type
configure:4075: result: x86_64-unknown-linux-gnu
configure:4095: checking host system type
configure:4108: result: arm-unknown-linux-gnueabihf
configure:4149: checking how to print strings
configure:4176: result: printf
configure:4197: checking for a sed that does not truncate output
configure:4261: result: /bin/sed
configure:4279: checking for grep that handles long lines and -e
configure:4337: result: /bin/grep
configure:4342: checking for egrep
configure:4404: result: /bin/grep -E
configure:4409: checking for fgrep
configure:4471: result: /bin/grep -F
configure:4506: checking for ld used by arm-linux-gnueabihf-gcc
configure:4573: result: /home/zju/TI335/04-Linux_source/Toolchain/gcc-linaro-5.3-2016.02-x86_64_arm-linux-gnueabihf/arm-linux-gnueabihf/bin/ld
configure:4580: checking if the linker (/home/zju/TI335/04-Linux_source/Toolchain/gcc-linaro-5.3-2016.02-x86_64_arm-linux-gnueabihf/arm-linux-gnueabihf/bin/ld) is GNU ld
configure:4595: result: yes
configure:4607: checking for BSD- or MS-compatible name lister (nm)
configure:4656: result: /home/zju/TI335/04-Linux_source/Toolchain/gcc-linaro-5.3-2016.02-x86_64_arm-linux-gnueabihf/bin/arm-linux-gnueabihf-nm -B
configure:4786: checking the name lister (/home/zju/TI335/04-Linux_source/Toolchain/gcc-linaro-5.3-2016.02-x86_64_arm-linux-gnueabihf/bin/arm-linux-gnueabihf-nm -B) interface
configure:4793: arm-linux-gnueabihf-gcc -c -g -O2  conftest.c >&5
configure:4796: /home/zju/TI335/04-Linux_source/Toolchain/gcc-linaro-5.3-2016.02-x86_64_arm-linux-gnueabihf/bin/arm-linux-gnueabihf-nm -B "conftest.o"
configure:4799: output
00000000 B some_variable
configure:4806: result: BSD nm
configure:4809: checking whether ln -s works
configure:4813: result: yes
configure:4821: checking the maximum length of command line arguments
configure:4952: result: 1572864
configure:4969: checking whether the shell understands some XSI constructs
configure:4979: result: yes
configure:4983: checking whether the shell understands "+="
configure:4989: result: yes
configure:5024: checking how to convert x86_64-unknown-linux-gnu file names to arm-unknown-linux-gnueabihf format
configure:5064: result: func_convert_file_noop
configure:5071: checking how to convert x86_64-unknown-linux-gnu file names to toolchain format
configure:5091: result: func_convert_file_noop
configure:5098: checking for /home/zju/TI335/04-Linux_source/Toolchain/gcc-linaro-5.3-2016.02-x86_64_arm-linux-gnueabihf/arm-linux-gnueabihf/bin/ld option to reload object files
configure:5105: result: -r
configure:5139: checking for arm-linux-gnueabihf-objdump
configure:5155: found /home/zju/TI335/04-Linux_source/Toolchain/gcc-linaro-5.3-2016.02-x86_64_arm-linux-gnueabihf/bin/arm-linux-gnueabihf-objdump
configure:5166: result: arm-linux-gnueabihf-objdump
configure:5238: checking how to recognize dependent libraries
configure:5436: result: pass_all
configure:5481: checking for arm-linux-gnueabihf-dlltool
configure:5511: result: no
configure:5521: checking for dlltool
configure:5551: result: no
configure:5581: checking how to associate runtime and link libraries
configure:5608: result: printf %s\n
configure:5625: checking for arm-linux-gnueabihf-ar
configure:5641: found /home/zju/TI335/04-Linux_source/Toolchain/gcc-linaro-5.3-2016.02-x86_64_arm-linux-gnueabihf/bin/arm-linux-gnueabihf-ar
configure:5652: result: arm-linux-gnueabihf-ar
configure:5733: checking for archiver @FILE support
configure:5750: arm-linux-gnueabihf-gcc -c -g -O2  conftest.c >&5
configure:5750: $? = 0
configure:5753: arm-linux-gnueabihf-ar cru libconftest.a @conftest.lst >&5
configure:5756: $? = 0
configure:5761: arm-linux-gnueabihf-ar cru libconftest.a @conftest.lst >&5
arm-linux-gnueabihf-ar: conftest.o: No such file or directory
configure:5764: $? = 1
configure:5776: result: @
configure:5794: checking for arm-linux-gnueabihf-strip
configure:5821: result: arm-linux-gnueabihf-strip
configure:5893: checking for arm-linux-gnueabihf-ranlib
configure:5909: found /home/zju/TI335/04-Linux_source/Toolchain/gcc-linaro-5.3-2016.02-x86_64_arm-linux-gnueabihf/bin/arm-linux-gnueabihf-ranlib
configure:5920: result: arm-linux-gnueabihf-ranlib
configure:6062: checking command to parse /home/zju/TI335/04-Linux_source/Toolchain/gcc-linaro-5.3-2016.02-x86_64_arm-linux-gnueabihf/bin/arm-linux-gnueabihf-nm -B output from arm-linux-gnueabihf-gcc object
configure:6182: arm-linux-gnueabihf-gcc -c -g -O2  conftest.c >&5
configure:6185: $? = 0
configure:6189: /home/zju/TI335/04-Linux_source/Toolchain/gcc-linaro-5.3-2016.02-x86_64_arm-linux-gnueabihf/bin/arm-linux-gnueabihf-nm -B conftest.o \| sed -n -e 's/^.*[ ]\([ABCDGIRSTW][ABCDGIRSTW]*\)[ ][ ]*\([_A-Za-z][_A-Za-z0-9]*\)$/\1 \2 \2/p' | sed '/ __gnu_lto/d' \> conftest.nm
configure:6192: $? = 0
configure:6258: arm-linux-gnueabihf-gcc -o conftest -g -O2   conftest.c conftstm.o >&5
configure:6261: $? = 0
configure:6299: result: ok
configure:6336: checking for sysroot
configure:6366: result: no
configure:6595: checking for arm-linux-gnueabihf-mt
configure:6625: result: no
configure:6635: checking for mt
configure:6651: found /bin/mt
configure:6662: result: mt
configure:6674: WARNING: using cross tools not prefixed with host triplet
configure:6685: checking if mt is a manifest tool
configure:6691: mt '-?'
configure:6699: result: no
configure:7341: checking how to run the C preprocessor
configure:7372: arm-linux-gnueabihf-gcc -E  conftest.c
configure:7372: $? = 0
configure:7386: arm-linux-gnueabihf-gcc -E  conftest.c
conftest.c:11:28: fatal error: ac_nonexistent.h: No such file or directory
compilation terminated.
configure:7386: $? = 1
configure: failed program was:
| /* confdefs.h */
| #define PACKAGE_NAME "jansson"
| #define PACKAGE_TARNAME "jansson"
| #define PACKAGE_VERSION "2.6"
| #define PACKAGE_STRING "jansson 2.6"
| #define PACKAGE_BUGREPORT "petri@digip.org"
| #define PACKAGE_URL ""
| #define PACKAGE "jansson"
| #define VERSION "2.6"
| /* end confdefs.h.  */
| #include <ac_nonexistent.h>
configure:7411: result: arm-linux-gnueabihf-gcc -E
configure:7431: arm-linux-gnueabihf-gcc -E  conftest.c
configure:7431: $? = 0
configure:7445: arm-linux-gnueabihf-gcc -E  conftest.c
conftest.c:11:28: fatal error: ac_nonexistent.h: No such file or directory
compilation terminated.
configure:7445: $? = 1
configure: failed program was:
| /* confdefs.h */
| #define PACKAGE_NAME "jansson"
| #define PACKAGE_TARNAME "jansson"
| #define PACKAGE_VERSION "2.6"
| #define PACKAGE_STRING "jansson 2.6"
| #define PACKAGE_BUGREPORT "petri@digip.org"
| #define PACKAGE_URL ""
| #define PACKAGE "jansson"
| #define VERSION "2.6"
| /* end confdefs.h.  */
| #include <ac_nonexistent.h>
configure:7474: checking for ANSI C header files
configure:7494: arm-linux-gnueabihf-gcc -c -g -O2  conftest.c >&5
configure:7494: $? = 0
configure:7578: result: yes
configure:7591: checking for sys/types.h
configure:7591: arm-linux-gnueabihf-gcc -c -g -O2  conftest.c >&5
configure:7591: $? = 0
configure:7591: result: yes
configure:7591: checking for sys/stat.h
configure:7591: arm-linux-gnueabihf-gcc -c -g -O2  conftest.c >&5
configure:7591: $? = 0
configure:7591: result: yes
configure:7591: checking for stdlib.h
configure:7591: arm-linux-gnueabihf-gcc -c -g -O2  conftest.c >&5
configure:7591: $? = 0
configure:7591: result: yes
configure:7591: checking for string.h
configure:7591: arm-linux-gnueabihf-gcc -c -g -O2  conftest.c >&5
configure:7591: $? = 0
configure:7591: result: yes
configure:7591: checking for memory.h
configure:7591: arm-linux-gnueabihf-gcc -c -g -O2  conftest.c >&5
configure:7591: $? = 0
configure:7591: result: yes
configure:7591: checking for strings.h
configure:7591: arm-linux-gnueabihf-gcc -c -g -O2  conftest.c >&5
configure:7591: $? = 0
configure:7591: result: yes
configure:7591: checking for inttypes.h
configure:7591: arm-linux-gnueabihf-gcc -c -g -O2  conftest.c >&5
configure:7591: $? = 0
configure:7591: result: yes
configure:7591: checking for stdint.h
configure:7591: arm-linux-gnueabihf-gcc -c -g -O2  conftest.c >&5
configure:7591: $? = 0
configure:7591: result: yes
configure:7591: checking for unistd.h
configure:7591: arm-linux-gnueabihf-gcc -c -g -O2  conftest.c >&5
configure:7591: $? = 0
configure:7591: result: yes
configure:7605: checking for dlfcn.h
configure:7605: arm-linux-gnueabihf-gcc -c -g -O2  conftest.c >&5
configure:7605: $? = 0
configure:7605: result: yes
configure:7811: checking for objdir
configure:7826: result: .libs
configure:8097: checking if arm-linux-gnueabihf-gcc supports -fno-rtti -fno-exceptions
configure:8115: arm-linux-gnueabihf-gcc -c -g -O2  -fno-rtti -fno-exceptions conftest.c >&5
cc1: warning: command line option '-fno-rtti' is valid for C++/ObjC++ but not for C
configure:8119: $? = 0
configure:8132: result: no
configure:8459: checking for arm-linux-gnueabihf-gcc option to produce PIC
configure:8466: result: -fPIC -DPIC
configure:8474: checking if arm-linux-gnueabihf-gcc PIC flag -fPIC -DPIC works
configure:8492: arm-linux-gnueabihf-gcc -c -g -O2  -fPIC -DPIC -DPIC conftest.c >&5
configure:8496: $? = 0
configure:8509: result: yes
configure:8538: checking if arm-linux-gnueabihf-gcc static flag -static works
configure:8566: result: yes
configure:8581: checking if arm-linux-gnueabihf-gcc supports -c -o file.o
configure:8602: arm-linux-gnueabihf-gcc -c -g -O2  -o out/conftest2.o conftest.c >&5
configure:8606: $? = 0
configure:8628: result: yes
configure:8636: checking if arm-linux-gnueabihf-gcc supports -c -o file.o
configure:8683: result: yes
configure:8716: checking whether the arm-linux-gnueabihf-gcc linker (/home/zju/TI335/04-Linux_source/Toolchain/gcc-linaro-5.3-2016.02-x86_64_arm-linux-gnueabihf/arm-linux-gnueabihf/bin/ld) supports shared libraries
configure:9873: result: yes
configure:9910: checking whether -lc should be explicitly linked in
configure:9918: arm-linux-gnueabihf-gcc -c -g -O2  conftest.c >&5
configure:9921: $? = 0
configure:9936: arm-linux-gnueabihf-gcc -shared  -fPIC -DPIC conftest.o  -v -Wl,-soname -Wl,conftest -o conftest 2\>\&1 \| /bin/grep  -lc  \>/dev/null 2\>\&1
configure:9939: $? = 0
configure:9953: result: no
configure:10113: checking dynamic linker characteristics
configure:10613: arm-linux-gnueabihf-gcc -o conftest -g -O2   -Wl,-rpath -Wl,/foo conftest.c  >&5
configure:10613: $? = 0
configure:10847: result: GNU/Linux ld.so
configure:10954: checking how to hardcode library paths into programs
configure:10979: result: immediate
configure:11519: checking whether stripping libraries is possible
configure:11524: result: yes
configure:11559: checking if libtool supports shared libraries
configure:11561: result: yes
configure:11564: checking whether to build shared libraries
configure:11585: result: yes
configure:11588: checking whether to build static libraries
configure:11592: result: yes
configure:11644: checking endian.h usability
configure:11644: arm-linux-gnueabihf-gcc -c -g -O2  conftest.c >&5
configure:11644: $? = 0
configure:11644: result: yes
configure:11644: checking endian.h presence
configure:11644: arm-linux-gnueabihf-gcc -E  conftest.c
configure:11644: $? = 0
configure:11644: result: yes
configure:11644: checking for endian.h
configure:11644: result: yes
configure:11644: checking fcntl.h usability
configure:11644: arm-linux-gnueabihf-gcc -c -g -O2  conftest.c >&5
configure:11644: $? = 0
configure:11644: result: yes
configure:11644: checking fcntl.h presence
configure:11644: arm-linux-gnueabihf-gcc -E  conftest.c
configure:11644: $? = 0
configure:11644: result: yes
configure:11644: checking for fcntl.h
configure:11644: result: yes
configure:11644: checking locale.h usability
configure:11644: arm-linux-gnueabihf-gcc -c -g -O2  conftest.c >&5
configure:11644: $? = 0
configure:11644: result: yes
configure:11644: checking locale.h presence
configure:11644: arm-linux-gnueabihf-gcc -E  conftest.c
configure:11644: $? = 0
configure:11644: result: yes
configure:11644: checking for locale.h
configure:11644: result: yes
configure:11644: checking sched.h usability
configure:11644: arm-linux-gnueabihf-gcc -c -g -O2  conftest.c >&5
configure:11644: $? = 0
configure:11644: result: yes
configure:11644: checking sched.h presence
configure:11644: arm-linux-gnueabihf-gcc -E  conftest.c
configure:11644: $? = 0
configure:11644: result: yes
configure:11644: checking for sched.h
configure:11644: result: yes
configure:11644: checking for unistd.h
configure:11644: result: yes
configure:11644: checking sys/param.h usability
configure:11644: arm-linux-gnueabihf-gcc -c -g -O2  conftest.c >&5
configure:11644: $? = 0
configure:11644: result: yes
configure:11644: checking sys/param.h presence
configure:11644: arm-linux-gnueabihf-gcc -E  conftest.c
configure:11644: $? = 0
configure:11644: result: yes
configure:11644: checking for sys/param.h
configure:11644: result: yes
configure:11644: checking for sys/stat.h
configure:11644: result: yes
configure:11644: checking sys/time.h usability
configure:11644: arm-linux-gnueabihf-gcc -c -g -O2  conftest.c >&5
configure:11644: $? = 0
configure:11644: result: yes
configure:11644: checking sys/time.h presence
configure:11644: arm-linux-gnueabihf-gcc -E  conftest.c
configure:11644: $? = 0
configure:11644: result: yes
configure:11644: checking for sys/time.h
configure:11644: result: yes
configure:11644: checking for sys/types.h
configure:11644: result: yes
configure:11656: checking for int32_t
configure:11656: arm-linux-gnueabihf-gcc -c -g -O2  conftest.c >&5
configure:11656: $? = 0
configure:11656: arm-linux-gnueabihf-gcc -c -g -O2  conftest.c >&5
conftest.c: In function 'main':
conftest.c:70:53: warning: integer overflow in expression [-Woverflow]
    < (int32_t) (((((int32_t) 1 << N) << N) - 1) * 2 + 2))];
                                                     ^
conftest.c:69:12: error: storage size of 'test_array' isn't constant
 static int test_array [1 - 2 * !((int32_t) (((((int32_t) 1 << N) << N) - 1) * 2 + 1)
            ^
configure:11656: $? = 1
configure: failed program was:
| /* confdefs.h */
| #define PACKAGE_NAME "jansson"
| #define PACKAGE_TARNAME "jansson"
| #define PACKAGE_VERSION "2.6"
| #define PACKAGE_STRING "jansson 2.6"
| #define PACKAGE_BUGREPORT "petri@digip.org"
| #define PACKAGE_URL ""
| #define PACKAGE "jansson"
| #define VERSION "2.6"
| #define STDC_HEADERS 1
| #define HAVE_SYS_TYPES_H 1
| #define HAVE_SYS_STAT_H 1
| #define HAVE_STDLIB_H 1
| #define HAVE_STRING_H 1
| #define HAVE_MEMORY_H 1
| #define HAVE_STRINGS_H 1
| #define HAVE_INTTYPES_H 1
| #define HAVE_STDINT_H 1
| #define HAVE_UNISTD_H 1
| #define HAVE_DLFCN_H 1
| #define LT_OBJDIR ".libs/"
| #define HAVE_ENDIAN_H 1
| #define HAVE_FCNTL_H 1
| #define HAVE_LOCALE_H 1
| #define HAVE_SCHED_H 1
| #define HAVE_UNISTD_H 1
| #define HAVE_SYS_PARAM_H 1
| #define HAVE_SYS_STAT_H 1
| #define HAVE_SYS_TIME_H 1
| #define HAVE_SYS_TYPES_H 1
| /* end confdefs.h.  */
| #include <stdio.h>
| #ifdef HAVE_SYS_TYPES_H
| # include <sys/types.h>
| #endif
| #ifdef HAVE_SYS_STAT_H
| # include <sys/stat.h>
| #endif
| #ifdef STDC_HEADERS
| # include <stdlib.h>
| # include <stddef.h>
| #else
| # ifdef HAVE_STDLIB_H
| #  include <stdlib.h>
| # endif
| #endif
| #ifdef HAVE_STRING_H
| # if !defined STDC_HEADERS && defined HAVE_MEMORY_H
| #  include <memory.h>
| # endif
| # include <string.h>
| #endif
| #ifdef HAVE_STRINGS_H
| # include <strings.h>
| #endif
| #ifdef HAVE_INTTYPES_H
| # include <inttypes.h>
| #endif
| #ifdef HAVE_STDINT_H
| # include <stdint.h>
| #endif
| #ifdef HAVE_UNISTD_H
| # include <unistd.h>
| #endif
| 	        enum { N = 32 / 2 - 1 };
| int
| main ()
| {
| static int test_array [1 - 2 * !((int32_t) (((((int32_t) 1 << N) << N) - 1) * 2 + 1)
| 		 < (int32_t) (((((int32_t) 1 << N) << N) - 1) * 2 + 2))];
| test_array [0] = 0;
| return test_array [0];
| 
|   ;
|   return 0;
| }
configure:11656: result: yes
configure:11667: checking for uint32_t
configure:11667: arm-linux-gnueabihf-gcc -c -g -O2  conftest.c >&5
configure:11667: $? = 0
configure:11667: result: yes
configure:11682: checking for unsigned long long int
configure:11721: arm-linux-gnueabihf-gcc -o conftest -g -O2   conftest.c  >&5
configure:11721: $? = 0
configure:11730: result: yes
configure:11740: checking for long long int
configure:11790: result: yes
configure:11799: checking for inline
configure:11815: arm-linux-gnueabihf-gcc -c -g -O2  conftest.c >&5
configure:11815: $? = 0
configure:11823: result: inline
configure:11852: checking for close
configure:11852: arm-linux-gnueabihf-gcc -o conftest -g -O2   conftest.c  >&5
configure:11852: $? = 0
configure:11852: result: yes
configure:11852: checking for getpid
configure:11852: arm-linux-gnueabihf-gcc -o conftest -g -O2   conftest.c  >&5
configure:11852: $? = 0
configure:11852: result: yes
configure:11852: checking for gettimeofday
configure:11852: arm-linux-gnueabihf-gcc -o conftest -g -O2   conftest.c  >&5
configure:11852: $? = 0
configure:11852: result: yes
configure:11852: checking for localeconv
configure:11852: arm-linux-gnueabihf-gcc -o conftest -g -O2   conftest.c  >&5
configure:11852: $? = 0
configure:11852: result: yes
configure:11852: checking for open
configure:11852: arm-linux-gnueabihf-gcc -o conftest -g -O2   conftest.c  >&5
configure:11852: $? = 0
configure:11852: result: yes
configure:11852: checking for read
configure:11852: arm-linux-gnueabihf-gcc -o conftest -g -O2   conftest.c  >&5
configure:11852: $? = 0
configure:11852: result: yes
configure:11852: checking for sched_yield
configure:11852: arm-linux-gnueabihf-gcc -o conftest -g -O2   conftest.c  >&5
configure:11852: $? = 0
configure:11852: result: yes
configure:11852: checking for strtoll
configure:11852: arm-linux-gnueabihf-gcc -o conftest -g -O2   conftest.c  >&5
configure:11852: $? = 0
configure:11852: result: yes
configure:11862: checking for gcc __sync builtins
configure:11876: arm-linux-gnueabihf-gcc -o conftest -g -O2   conftest.c  >&5
configure:11876: $? = 0
configure:11886: result: yes
configure:11889: checking for gcc __atomic builtins
configure:11903: arm-linux-gnueabihf-gcc -o conftest -g -O2   conftest.c  >&5
conftest.c: In function 'main':
conftest.c:47:71: warning: invalid memory model for '__atomic_store' [-Winvalid-memory-model]
 char l; unsigned long v; __atomic_test_and_set(&l, __ATOMIC_RELAXED); __atomic_store_n(&v, 1, __ATOMIC_ACQ_REL); __atomic_load_n(&v, __ATOMIC_ACQUIRE);
                                                                       ^
configure:11903: $? = 0
configure:11913: result: yes
configure:12068: checking that generated files are newer than configure
configure:12074: result: done
configure:12101: creating ./config.status

## ---------------------- ##
## Running config.status. ##
## ---------------------- ##

This file was extended by jansson config.status 2.6, which was
generated by GNU Autoconf 2.69.  Invocation command line was

  CONFIG_FILES    = 
  CONFIG_HEADERS  = 
  CONFIG_LINKS    = 
  CONFIG_COMMANDS = 
  $ ./config.status 

on zju-XPS-8930

config.status:1111: creating jansson.pc
config.status:1111: creating Makefile
config.status:1111: creating src/Makefile
config.status:1111: creating src/jansson_config.h
config.status:1111: creating config.h
config.status:1292: config.h is unchanged
config.status:1340: executing depfiles commands
config.status:1340: executing libtool commands

## ---------------- ##
## Cache variables. ##
## ---------------- ##

ac_cv_build=x86_64-unknown-linux-gnu
ac_cv_c_compiler_gnu=yes
ac_cv_c_inline=inline
ac_cv_c_int32_t=yes
ac_cv_c_uint32_t=yes
ac_cv_env_CC_set=
ac_cv_env_CC_value=
ac_cv_env_CFLAGS_set=
ac_cv_env_CFLAGS_value=
ac_cv_env_CPPFLAGS_set=
ac_cv_env_CPPFLAGS_value=
ac_cv_env_CPP_set=
ac_cv_env_CPP_value=
ac_cv_env_LDFLAGS_set=
ac_cv_env_LDFLAGS_value=
ac_cv_env_LIBS_set=
ac_cv_env_LIBS_value=
ac_cv_env_build_alias_set=
ac_cv_env_build_alias_value=
ac_cv_env_host_alias_set=set
ac_cv_env_host_alias_value=arm-linux-gnueabihf
ac_cv_env_target_alias_set=
ac_cv_env_target_alias_value=
ac_cv_func_close=yes
ac_cv_func_getpid=yes
ac_cv_func_gettimeofday=yes
ac_cv_func_localeconv=yes
ac_cv_func_open=yes
ac_cv_func_read=yes
ac_cv_func_sched_yield=yes
ac_cv_func_strtoll=yes
ac_cv_header_dlfcn_h=yes
ac_cv_header_endian_h=yes
ac_cv_header_fcntl_h=yes
ac_cv_header_inttypes_h=yes
ac_cv_header_locale_h=yes
ac_cv_header_memory_h=yes
ac_cv_header_sched_h=yes
ac_cv_header_stdc=yes
ac_cv_header_stdint_h=yes
ac_cv_header_stdlib_h=yes
ac_cv_header_string_h=yes
ac_cv_header_strings_h=yes
ac_cv_header_sys_param_h=yes
ac_cv_header_sys_stat_h=yes
ac_cv_header_sys_time_h=yes
ac_cv_header_sys_types_h=yes
ac_cv_header_unistd_h=yes
ac_cv_host=arm-unknown-linux-gnueabihf
ac_cv_objext=o
ac_cv_path_EGREP='/bin/grep -E'
ac_cv_path_FGREP='/bin/grep -F'
ac_cv_path_GREP=/bin/grep
ac_cv_path_SED=/bin/sed
ac_cv_path_install='/usr/bin/install -c'
ac_cv_path_mkdir=/bin/mkdir
ac_cv_prog_AR=arm-linux-gnueabihf-ar
ac_cv_prog_AWK=mawk
ac_cv_prog_CC=arm-linux-gnueabihf-gcc
ac_cv_prog_CPP='arm-linux-gnueabihf-gcc -E'
ac_cv_prog_OBJDUMP=arm-linux-gnueabihf-objdump
ac_cv_prog_RANLIB=arm-linux-gnueabihf-ranlib
ac_cv_prog_STRIP=arm-linux-gnueabihf-strip
ac_cv_prog_ac_ct_MANIFEST_TOOL=mt
ac_cv_prog_cc_c89=
ac_cv_prog_cc_g=yes
ac_cv_prog_make_make_set=yes
ac_cv_type_long_long_int=yes
ac_cv_type_unsigned_long_long_int=yes
am_cv_CC_dependencies_compiler_type=gcc3
am_cv_make_support_nested_variables=yes
am_cv_prog_cc_c_o=yes
lt_cv_ar_at_file=@
lt_cv_archive_cmds_need_lc=no
lt_cv_deplibs_check_method=pass_all
lt_cv_file_magic_cmd='$MAGIC_CMD'
lt_cv_file_magic_test_file=
lt_cv_ld_reload_flag=-r
lt_cv_nm_interface='BSD nm'
lt_cv_objdir=.libs
lt_cv_path_LD=/home/zju/TI335/04-Linux_source/Toolchain/gcc-linaro-5.3-2016.02-x86_64_arm-linux-gnueabihf/arm-linux-gnueabihf/bin/ld
lt_cv_path_NM='/home/zju/TI335/04-Linux_source/Toolchain/gcc-linaro-5.3-2016.02-x86_64_arm-linux-gnueabihf/bin/arm-linux-gnueabihf-nm -B'
lt_cv_path_mainfest_tool=no
lt_cv_prog_compiler_c_o=yes
lt_cv_prog_compiler_pic='-fPIC -DPIC'
lt_cv_prog_compiler_pic_works=yes
lt_cv_prog_compiler_rtti_exceptions=no
lt_cv_prog_compiler_static_works=yes
lt_cv_prog_gnu_ld=yes
lt_cv_sharedlib_from_linklib_cmd='printf %s\n'
lt_cv_shlibpath_overrides_runpath=no
lt_cv_sys_global_symbol_pipe='sed -n -e '\''s/^.*[	 ]\([ABCDGIRSTW][ABCDGIRSTW]*\)[	 ][	 ]*\([_A-Za-z][_A-Za-z0-9]*\)$/\1 \2 \2/p'\'' | sed '\''/ __gnu_lto/d'\'''
lt_cv_sys_global_symbol_to_c_name_address='sed -n -e '\''s/^: \([^ ]*\)[ ]*$/  {\"\1\", (void *) 0},/p'\'' -e '\''s/^[ABCDGIRSTW]* \([^ ]*\) \([^ ]*\)$/  {"\2", (void *) \&\2},/p'\'''
lt_cv_sys_global_symbol_to_c_name_address_lib_prefix='sed -n -e '\''s/^: \([^ ]*\)[ ]*$/  {\"\1\", (void *) 0},/p'\'' -e '\''s/^[ABCDGIRSTW]* \([^ ]*\) \(lib[^ ]*\)$/  {"\2", (void *) \&\2},/p'\'' -e '\''s/^[ABCDGIRSTW]* \([^ ]*\) \([^ ]*\)$/  {"lib\2", (void *) \&\2},/p'\'''
lt_cv_sys_global_symbol_to_cdecl='sed -n -e '\''s/^T .* \(.*\)$/extern int \1();/p'\'' -e '\''s/^[ABCDGIRSTW]* .* \(.*\)$/extern char \1;/p'\'''
lt_cv_sys_max_cmd_len=1572864
lt_cv_to_host_file_cmd=func_convert_file_noop
lt_cv_to_tool_file_cmd=func_convert_file_noop

## ----------------- ##
## Output variables. ##
## ----------------- ##

ACLOCAL='${SHELL} /home/zju/devDir/native/cgminer/missing aclocal-1.14'
AMDEPBACKSLASH='\'
AMDEP_FALSE='#'
AMDEP_TRUE=''
AMTAR='$${TAR-tar}'
AM_BACKSLASH='\'
AM_DEFAULT_V='$(AM_DEFAULT_VERBOSITY)'
AM_DEFAULT_VERBOSITY='0'
AM_V='$(V)'
AR='arm-linux-gnueabihf-ar'
AUTOCONF='${SHELL} /home/zju/devDir/native/cgminer/missing autoconf'
AUTOHEADER='${SHELL} /home/zju/devDir/native/cgminer/missing autoheader'
AUTOMAKE='${SHELL} /home/zju/devDir/native/cgminer/missing automake-1.14'
AWK='mawk'
CC='arm-linux-gnueabihf-gcc'
CCDEPMODE='depmode=gcc3'
CFLAGS='-g -O2'
CPP='arm-linux-gnueabihf-gcc -E'
CPPFLAGS=''
CYGPATH_W='echo'
DEFS='-DHAVE_CONFIG_H'
DEPDIR='.deps'
DLLTOOL='false'
DSYMUTIL=''
DUMPBIN=''
ECHO_C=''
ECHO_N='-n'
ECHO_T=''
EGREP='/bin/grep -E'
EXEEXT=''
FGREP='/bin/grep -F'
GCC_FALSE='#'
GCC_TRUE=''
GREP='/bin/grep'
INSTALL_DATA='${INSTALL} -m 644'
INSTALL_PROGRAM='${INSTALL}'
INSTALL_SCRIPT='${INSTALL}'
INSTALL_STRIP_PROGRAM='$(install_sh) -c -s'
LD='/home/zju/TI335/04-Linux_source/Toolchain/gcc-linaro-5.3-2016.02-x86_64_arm-linux-gnueabihf/arm-linux-gnueabihf/bin/ld'
LDFLAGS=''
LIBOBJS=''
LIBS=''
LIBTOOL='$(SHELL) $(top_builddir)/libtool'
LIPO=''
LN_S='ln -s'
LTLIBOBJS=''
MAKEINFO='${SHELL} /home/zju/devDir/native/cgminer/missing makeinfo'
MANIFEST_TOOL=':'
MKDIR_P='/bin/mkdir -p'
NM='/home/zju/TI335/04-Linux_source/Toolchain/gcc-linaro-5.3-2016.02-x86_64_arm-linux-gnueabihf/bin/arm-linux-gnueabihf-nm -B'
NMEDIT=''
OBJDUMP='arm-linux-gnueabihf-objdump'
OBJEXT='o'
OTOOL64=''
OTOOL=''
PACKAGE='jansson'
PACKAGE_BUGREPORT='petri@digip.org'
PACKAGE_NAME='jansson'
PACKAGE_STRING='jansson 2.6'
PACKAGE_TARNAME='jansson'
PACKAGE_URL=''
PACKAGE_VERSION='2.6'
PATH_SEPARATOR=':'
RANLIB='arm-linux-gnueabihf-ranlib'
SED='/bin/sed'
SET_MAKE=''
SHELL='/bin/bash'
STRIP='arm-linux-gnueabihf-strip'
VERSION='2.6'
ac_ct_AR=''
ac_ct_CC=''
ac_ct_DUMPBIN=''
am__EXEEXT_FALSE=''
am__EXEEXT_TRUE='#'
am__fastdepCC_FALSE='#'
am__fastdepCC_TRUE=''
am__include='include'
am__isrc=''
am__leading_dot='.'
am__nodep='_no'
am__quote=''
am__tar='$${TAR-tar} chof - "$$tardir"'
am__untar='$${TAR-tar} xf -'
bindir='${exec_prefix}/bin'
build='x86_64-unknown-linux-gnu'
build_alias=''
build_cpu='x86_64'
build_os='linux-gnu'
build_vendor='unknown'
datadir='${datarootdir}'
datarootdir='${prefix}/share'
docdir='${datarootdir}/doc/${PACKAGE_TARNAME}'
dvidir='${docdir}'
exec_prefix='${prefix}'
host='arm-unknown-linux-gnueabihf'
host_alias='arm-linux-gnueabihf'
host_cpu='arm'
host_os='linux-gnueabihf'
host_vendor='unknown'
htmldir='${docdir}'
includedir='${prefix}/include'
infodir='${datarootdir}/info'
install_sh='${SHELL} /home/zju/devDir/native/cgminer/install-sh'
json_have_localeconv='1'
json_have_long_long='1'
json_inline='inline'
libdir='${exec_prefix}/lib'
libexecdir='${exec_prefix}/libexec'
localedir='${datarootdir}/locale'
localstatedir='${prefix}/var'
mandir='${datarootdir}/man'
mkdir_p='$(MKDIR_P)'
oldincludedir='/usr/include'
pdfdir='${docdir}'
prefix='/usr/local'
program_transform_name='s,x,x,'
psdir='${docdir}'
sbindir='${exec_prefix}/sbin'
sharedstatedir='${prefix}/com'
sysconfdir='${prefix}/etc'
target_alias=''

## ----------- ##
## confdefs.h. ##
## ----------- ##

/* confdefs.h */
#define PACKAGE_NAME "jansson"
#define PACKAGE_TARNAME "jansson"
#define PACKAGE_VERSION "2.6"
#define PACKAGE_STRING "jansson 2.6"
#define PACKAGE_BUGREPORT "petri@digip.org"
#define PACKAGE_URL ""
#define PACKAGE "jansson"
#define VERSION "2.6"
#define STDC_HEADERS 1
#define HAVE_SYS_TYPES_H 1
#define HAVE_SYS_STAT_H 1
#define HAVE_STDLIB_H 1
#define HAVE_STRING_H 1
#define HAVE_MEMORY_H 1
#define HAVE_STRINGS_H 1
#define HAVE_INTTYPES_H 1
#define HAVE_STDINT_H 1
#define HAVE_UNISTD_H 1
#define HAVE_DLFCN_H 1
#define LT_OBJDIR ".libs/"
#define HAVE_ENDIAN_H 1
#define HAVE_FCNTL_H 1
#define HAVE_LOCALE_H 1
#define HAVE_SCHED_H 1
#define HAVE_UNISTD_H 1
#define HAVE_SYS_PARAM_H 1
#define HAVE_SYS_STAT_H 1
#define HAVE_SYS_TIME_H 1
#define HAVE_SYS_TYPES_H 1
#define HAVE_UNSIGNED_LONG_LONG_INT 1
#define HAVE_LONG_LONG_INT 1
#define HAVE_CLOSE 1
#define HAVE_GETPID 1
#define HAVE_GETTIMEOFDAY 1
#define HAVE_LOCALECONV 1
#define HAVE_OPEN 1
#define HAVE_READ 1
#define HAVE_SCHED_YIELD 1
#define HAVE_STRTOLL 1
#define HAVE_SYNC_BUILTINS 1
#define HAVE_ATOMIC_BUILTINS 1
#define USE_URANDOM 1
#define USE_WINDOWS_CRYPTOAPI 1

configure: exit 0
